#
# A fatal error has been detected by the Java Runtime Environment:
#
#  SIGILL (0x4) at pc=0x00007ff81c0d47c5, pid=855, tid=259
#
# JRE version: OpenJDK Runtime Environment Temurin-17.0.12+7 (17.0.12+7) (build 17.0.12+7)
# Java VM: OpenJDK 64-Bit Server VM Temurin-17.0.12+7 (17.0.12+7, mixed mode, tiered, compressed oops, compressed class ptrs, parallel gc, bsd-amd64)
# Problematic frame:
# C  [CoreFoundation+0x1d47c5]  CFRunLoopRunSpecific.cold.1+0xe
#
# No core dump will be written. Core dumps have been disabled. To enable core dumping, try "ulimit -c unlimited" before starting Java again
#
# If you would like to submit a bug report, please visit:
#   https://github.com/adoptium/adoptium-support/issues
#

---------------  S U M M A R Y ------------

Command Line: --add-modules=ALL-SYSTEM --add-opens=java.base/java.util=ALL-UNNAMED --add-opens=java.base/java.lang=ALL-UNNAMED --add-opens=java.base/sun.nio.fs=ALL-UNNAMED -Declipse.application=org.eclipse.jdt.ls.core.id1 -Dosgi.bundles.defaultStartLevel=4 -Declipse.product=org.eclipse.jdt.ls.core.product -Djava.import.generatesMetadataFilesAtProjectRoot=false -DDetectVMInstallationsJob.disabled=true -Dfile.encoding=utf8 -XX:+UseParallelGC -XX:GCTimeRatio=4 -XX:AdaptiveSizePolicyWeight=90 -Dsun.zip.disableMemoryMapping=true -Xmx1G -Xms100m -Xlog:disable -javaagent:/Users/linneascheet/.vscode/extensions/redhat.java-1.35.1-darwin-x64/lombok/lombok-1.18.33.jar -XX:+HeapDumpOnOutOfMemoryError -XX:HeapDumpPath=/Users/linneascheet/Library/Application Support/Code/User/workspaceStorage/e9fddc1cf0e8377329310a56d0738baf/redhat.java -Daether.dependencyCollector.impl=bf /Users/linneascheet/.vscode/extensions/redhat.java-1.35.1-darwin-x64/server/plugins/org.eclipse.equinox.launcher_1.6.900.v20240613-2009.jar -configuration /Users/linneascheet/Library/Application Support/Code/User/globalStorage/redhat.java/1.35.1/config_mac -data /Users/linneascheet/Library/Application Support/Code/User/workspaceStorage/e9fddc1cf0e8377329310a56d0738baf/redhat.java/jdt_ws --pipe=/private/var/folders/67/248mvc8j207gpldrtkdrsj0r0000gn/T/lsp-3342d0e5a25e8c37456df9b026e28c27.sock

Host: "MacBookAir9,1" x86_64 1100 MHz, 8 cores, 8G, Darwin 24.0.0, macOS 15.0.1 (24A348)
Time: Wed Oct 30 13:10:41 2024 CDT elapsed time: 82.670274 seconds (0d 0h 1m 22s)

---------------  T H R E A D  ---------------

Current thread is native thread

Stack: [0x00007ff7b6061000,0x00007ff7b6861000],  sp=0x00007ff7b6700858,  free space=6782k
Native frames: (J=compiled Java code, j=interpreted, Vv=VM code, C=native code)
C  [CoreFoundation+0x1d47c5]  CFRunLoopRunSpecific.cold.1+0xe
C  [HIToolbox+0xeefe3]  RunCurrentEventLoopInMode+0x124
C  [HIToolbox+0xf4807]  ReceiveNextEventCommon+0xc9
C  [HIToolbox+0xf4b62]  _BlockUntilNextEventMatchingListInModeWithFilter+0x42
C  [AppKit+0x3fd8b]  _DPSNextEvent+0x386
C  [AppKit+0xa5c4c8]  -[NSApplication(NSEventRouting) _nextEventMatchingEventMask:untilDate:inMode:dequeue:]+0x50a
C  [eclipse_11904.so+0x6bcb]  +[KeyWindow dispatch]+0x7b
C  [Foundation+0x7bcd1]  __NSThreadPerformPerform+0xb2
C  [CoreFoundation+0x7cb0f]  __CFRUNLOOP_IS_CALLING_OUT_TO_A_SOURCE0_PERFORM_FUNCTION__+0x11
C  [CoreFoundation+0x7cab1]  __CFRunLoopDoSource0+0x9d
C  [CoreFoundation+0x7c884]  __CFRunLoopDoSources0+0xcb
C  [CoreFoundation+0x7b51c]  __CFRunLoopRun+0x3c0
C  [CoreFoundation+0x7ab6c]  CFRunLoopRunSpecific+0x218
C  [HIToolbox+0xeefe3]  RunCurrentEventLoopInMode+0x124
C  [HIToolbox+0xf4807]  ReceiveNextEventCommon+0xc9
C  [HIToolbox+0xf4b62]  _BlockUntilNextEventMatchingListInModeWithFilter+0x42
C  [AppKit+0x3fd8b]  _DPSNextEvent+0x386
C  [AppKit+0xa5c4c8]  -[NSApplication(NSEventRouting) _nextEventMatchingEventMask:untilDate:inMode:dequeue:]+0x50a
C  [eclipse_11904.so+0x6bcb]  +[KeyWindow dispatch]+0x7b
C  [Foundation+0x7bcd1]  __NSThreadPerformPerform+0xb2
C  [CoreFoundation+0x7cb0f]  __CFRUNLOOP_IS_CALLING_OUT_TO_A_SOURCE0_PERFORM_FUNCTION__+0x11
C  [CoreFoundation+0x7cab1]  __CFRunLoopDoSource0+0x9d
C  [CoreFoundation+0x7c884]  __CFRunLoopDoSources0+0xcb
C  [CoreFoundation+0x7b51c]  __CFRunLoopRun+0x3c0
C  [CoreFoundation+0x7ab6c]  CFRunLoopRunSpecific+0x218
C  [HIToolbox+0xeefe3]  RunCurrentEventLoopInMode+0x124
C  [HIToolbox+0xf4807]  ReceiveNextEventCommon+0xc9
C  [HIToolbox+0xf4b62]  _BlockUntilNextEventMatchingListInModeWithFilter+0x42
C  [AppKit+0x3fd8b]  _DPSNextEvent+0x386
C  [AppKit+0xa5c4c8]  -[NSApplication(NSEventRouting) _nextEventMatchingEventMask:untilDate:inMode:dequeue:]+0x50a
C  [eclipse_11904.so+0x6bcb]  +[KeyWindow dispatch]+0x7b
C  [Foundation+0x7bcd1]  __NSThreadPerformPerform+0xb2
C  [CoreFoundation+0x7cb0f]  __CFRUNLOOP_IS_CALLING_OUT_TO_A_SOURCE0_PERFORM_FUNCTION__+0x11
C  [CoreFoundation+0x7cab1]  __CFRunLoopDoSource0+0x9d
C  [CoreFoundation+0x7c884]  __CFRunLoopDoSources0+0xcb
C  [CoreFoundation+0x7b51c]  __CFRunLoopRun+0x3c0
C  [CoreFoundation+0x7ab6c]  CFRunLoopRunSpecific+0x218
C  [HIToolbox+0xeefe3]  RunCurrentEventLoopInMode+0x124
C  [HIToolbox+0xf4807]  ReceiveNextEventCommon+0xc9
C  [HIToolbox+0xf4b62]  _BlockUntilNextEventMatchingListInModeWithFilter+0x42
C  [AppKit+0x3fd8b]  _DPSNextEvent+0x386
C  [AppKit+0xa5c4c8]  -[NSApplication(NSEventRouting) _nextEventMatchingEventMask:untilDate:inMode:dequeue:]+0x50a
C  [eclipse_11904.so+0x6bcb]  +[KeyWindow dispatch]+0x7b
C  [Foundation+0x7bcd1]  __NSThreadPerformPerform+0xb2
C  [CoreFoundation+0x7cb0f]  __CFRUNLOOP_IS_CALLING_OUT_TO_A_SOURCE0_PERFORM_FUNCTION__+0x11
C  [CoreFoundation+0x7cab1]  __CFRunLoopDoSource0+0x9d
C  [CoreFoundation+0x7c884]  __CFRunLoopDoSources0+0xcb
C  [CoreFoundation+0x7b51c]  __CFRunLoopRun+0x3c0
C  [CoreFoundation+0x7ab6c]  CFRunLoopRunSpecific+0x218
C  [HIToolbox+0xeefe3]  RunCurrentEventLoopInMode+0x124
C  [HIToolbox+0xf4807]  ReceiveNextEventCommon+0xc9
C  [HIToolbox+0xf4b62]  _BlockUntilNextEventMatchingListInModeWithFilter+0x42
C  [AppKit+0x3fd8b]  _DPSNextEvent+0x386
C  [AppKit+0xa5c4c8]  -[NSApplication(NSEventRouting) _nextEventMatchingEventMask:untilDate:inMode:dequeue:]+0x50a
C  [eclipse_11904.so+0x6bcb]  +[KeyWindow dispatch]+0x7b
C  [Foundation+0x7bcd1]  __NSThreadPerformPerform+0xb2
C  [CoreFoundation+0x7cb0f]  __CFRUNLOOP_IS_CALLING_OUT_TO_A_SOURCE0_PERFORM_FUNCTION__+0x11
C  [CoreFoundation+0x7cab1]  __CFRunLoopDoSource0+0x9d
C  [CoreFoundation+0x7c884]  __CFRunLoopDoSources0+0xcb
C  [CoreFoundation+0x7b51c]  __CFRunLoopRun+0x3c0
C  [CoreFoundation+0x7ab6c]  CFRunLoopRunSpecific+0x218
C  [HIToolbox+0xeefe3]  RunCurrentEventLoopInMode+0x124
C  [HIToolbox+0xf4807]  ReceiveNextEventCommon+0xc9
C  [HIToolbox+0xf4b62]  _BlockUntilNextEventMatchingListInModeWithFilter+0x42
C  [AppKit+0x3fd8b]  _DPSNextEvent+0x386
C  [AppKit+0xa5c4c8]  -[NSApplication(NSEventRouting) _nextEventMatchingEventMask:untilDate:inMode:dequeue:]+0x50a
C  [eclipse_11904.so+0x6bcb]  +[KeyWindow dispatch]+0x7b
C  [Foundation+0x7bcd1]  __NSThreadPerformPerform+0xb2
C  [CoreFoundation+0x7cb0f]  __CFRUNLOOP_IS_CALLING_OUT_TO_A_SOURCE0_PERFORM_FUNCTION__+0x11
C  [CoreFoundation+0x7cab1]  __CFRunLoopDoSource0+0x9d
C  [CoreFoundation+0x7c884]  __CFRunLoopDoSources0+0xcb
C  [CoreFoundation+0x7b51c]  __CFRunLoopRun+0x3c0
C  [CoreFoundation+0x7ab6c]  CFRunLoopRunSpecific+0x218
C  [HIToolbox+0xeefe3]  RunCurrentEventLoopInMode+0x124
C  [HIToolbox+0xf4807]  ReceiveNextEventCommon+0xc9
C  [HIToolbox+0xf4b62]  _BlockUntilNextEventMatchingListInModeWithFilter+0x42
C  [AppKit+0x3fd8b]  _DPSNextEvent+0x386
C  [AppKit+0xa5c4c8]  -[NSApplication(NSEventRouting) _nextEventMatchingEventMask:untilDate:inMode:dequeue:]+0x50a
C  [eclipse_11904.so+0x6bcb]  +[KeyWindow dispatch]+0x7b
C  [Foundation+0x7bcd1]  __NSThreadPerformPerform+0xb2
C  [CoreFoundation+0x7cb0f]  __CFRUNLOOP_IS_CALLING_OUT_TO_A_SOURCE0_PERFORM_FUNCTION__+0x11
C  [CoreFoundation+0x7cab1]  __CFRunLoopDoSource0+0x9d
C  [CoreFoundation+0x7c884]  __CFRunLoopDoSources0+0xcb
C  [CoreFoundation+0x7b51c]  __CFRunLoopRun+0x3c0
C  [CoreFoundation+0x7ab6c]  CFRunLoopRunSpecific+0x218
C  [HIToolbox+0xeefe3]  RunCurrentEventLoopInMode+0x124
C  [HIToolbox+0xf4807]  ReceiveNextEventCommon+0xc9
C  [HIToolbox+0xf4b62]  _BlockUntilNextEventMatchingListInModeWithFilter+0x42
C  [AppKit+0x3fd8b]  _DPSNextEvent+0x386
C  [AppKit+0xa5c4c8]  -[NSApplication(NSEventRouting) _nextEventMatchingEventMask:untilDate:inMode:dequeue:]+0x50a
C  [eclipse_11904.so+0x6bcb]  +[KeyWindow dispatch]+0x7b
C  [Foundation+0x7bcd1]  __NSThreadPerformPerform+0xb2
C  [CoreFoundation+0x7cb0f]  __CFRUNLOOP_IS_CALLING_OUT_TO_A_SOURCE0_PERFORM_FUNCTION__+0x11
C  [CoreFoundation+0x7cab1]  __CFRunLoopDoSource0+0x9d
C  [CoreFoundation+0x7c884]  __CFRunLoopDoSources0+0xcb
C  [CoreFoundation+0x7b51c]  __CFRunLoopRun+0x3c0
C  [CoreFoundation+0x7ab6c]  CFRunLoopRunSpecific+0x218
C  [HIToolbox+0xeefe3]  RunCurrentEventLoopInMode+0x124
C  [HIToolbox+0xf4807]  ReceiveNextEventCommon+0xc9
C  [HIToolbox+0xf4b62]  _BlockUntilNextEventMatchingListInModeWithFilter+0x42
...<more frames>...


siginfo: si_signo: 4 (SIGILL), si_code: 1 (ILL_ILLOPC), si_addr: 0x00007ff81c0d47c5

Registers:
RAX=0x00007ff81c269638, RBX=0x00007f8e3f209ac0, RCX=0x00000000000120a8, RDX=0x0000000000000008
RSP=0x00007ff7b6700858, RBP=0x00007ff7b67008e0, RSI=0x0000000000000000, RDI=0x00007f8e3f209e18
R8 =0x00000000000025e3, R9 =0x0000000000000008, R10=0x0000000000000000, R11=0x00007f8e3f209da0
R12=0x00007f8e3f209e00, R13=0x0000000000000001, R14=0x0000000000000001, R15=0x00007f8e3f209df0
RIP=0x00007ff81c0d47c5, EFLAGS=0x0000000000010246, ERR=0x0000000000000000
  TRAPNO=0x0000000000000006


Top of Stack: (sp=0x00007ff7b6700858)
0x00007ff7b6700858:   00007ff81bf7aabd 0000000000000000
0x00007ff7b6700868:   0000000000000000 0000000000000002
0x00007ff7b6700878:   00007f8e3f209ad0 00007ff7b67008a0
0x00007ff7b6700888:   00007ff81bf04bc9 00007ff85bc8ec08
0x00007ff7b6700898:   0000000000000001 00007ff7b67008b0
0x00007ff7b67008a8:   00007ff81bf403d9 b7e04468b6bf00c1
0x00007ff7b67008b8:   00007f8e3f6667e0 0000000000000000
0x00007ff7b67008c8:   0000000000000000 0000000000000001
0x00007ff7b67008d8:   00007ff85bc8ec08 00007ff7b6700930
0x00007ff7b67008e8:   00007ff827659fe3 0000000000000000
0x00007ff7b67008f8:   0000000000000000 0000000000000000
0x00007ff7b6700908:   0000000000000000 00007ff7b6700b88
0x00007ff7b6700918:   0000000000000000 0000000000000000
0x00007ff7b6700928:   0000000000000000 00007ff7b67009b0
0x00007ff7b6700938:   00007ff82765f807 0000000000000000
0x00007ff7b6700948:   00007ff7b6700b88 00007ff7b6700b30
0x00007ff7b6700958:   0000000000000000 0000000000000000
0x00007ff7b6700968:   00007ff85bc8ec08 0000000000000000
0x00007ff7b6700978:   0000000000000000 00000001ffffffff
0x00007ff7b6700988:   0000000000000000 00007f8e3f7467c0
0x00007ff7b6700998:   ffffffffffffffff 0000000000000000
0x00007ff7b67009a8:   00007f8e3f7467c0 00007ff7b67009d0
0x00007ff7b67009b8:   00007ff82765fb62 ffffffff00000000
0x00007ff7b67009c8:   00007f8e3f7467c0 00007ff7b6700dd0
0x00007ff7b67009d8:   00007ff81f8add8b 0000000000000000
0x00007ff7b67009e8:   0000000000000000 0000000000000000
0x00007ff7b67009f8:   0000000000000000 0000000000000000
0x00007ff7b6700a08:   0000000000000000 0000000000000000
0x00007ff7b6700a18:   0000000000000000 0000000000000000
0x00007ff7b6700a28:   0000000000000000 0000000000000000
0x00007ff7b6700a38:   00007ff83a57b18a 00007ff83a543286
0x00007ff7b6700a48:   00007ff83a65686b 00007ff83a4ebc37 

Instructions: (pc=0x00007ff81c0d47c5)
0x00007ff81c0d46c5:   00 48 89 05 2b 33 ca 42 0f 0b 48 8d 05 3a 33 19
0x00007ff81c0d46d5:   00 48 89 05 1b 33 ca 42 0f 0b 48 8d 05 2a 33 19
0x00007ff81c0d46e5:   00 48 89 05 0b 33 ca 42 0f 0b 48 8d 05 1a 33 19
0x00007ff81c0d46f5:   00 48 89 05 fb 32 ca 42 0f 0b 48 8d 05 0a 33 19
0x00007ff81c0d4705:   00 48 89 05 eb 32 ca 42 0f 0b 48 8d 05 fa 32 19
0x00007ff81c0d4715:   00 48 89 05 db 32 ca 42 0f 0b 48 8d 05 ea 32 19
0x00007ff81c0d4725:   00 48 89 05 cb 32 ca 42 0f 0b 48 8d 05 da 32 19
0x00007ff81c0d4735:   00 48 89 05 bb 32 ca 42 0f 0b 90 90 90 90 90 90
0x00007ff81c0d4745:   90 90 48 8d 05 3d 4c 19 00 48 89 05 a3 32 ca 42
0x00007ff81c0d4755:   0f 0b 48 8d 05 ef 45 19 00 48 89 05 93 32 ca 42
0x00007ff81c0d4765:   0f 0b 48 8d 05 0b 4e 19 00 48 89 05 83 32 ca 42
0x00007ff81c0d4775:   0f 0b 48 8d 05 61 4e 19 00 48 89 05 73 32 ca 42
0x00007ff81c0d4785:   0f 0b 48 8d 05 75 4e 19 00 48 89 05 63 32 ca 42
0x00007ff81c0d4795:   0f 0b 48 8d 05 0e 4e 19 00 48 89 05 53 32 ca 42
0x00007ff81c0d47a5:   0f 0b 48 8d 05 fe 4d 19 00 48 89 05 43 32 ca 42
0x00007ff81c0d47b5:   0f 0b 48 8d 05 7a 4e 19 00 48 89 05 33 32 ca 42
0x00007ff81c0d47c5:   0f 0b 48 8d 05 df 4f 19 00 48 89 05 23 32 ca 42
0x00007ff81c0d47d5:   0f 0b 48 8d 05 57 46 19 00 48 89 05 13 32 ca 42
0x00007ff81c0d47e5:   0f 0b 90 90 90 90 90 90 90 55 48 89 e5 48 83 ec
0x00007ff81c0d47f5:   10 48 8b 05 33 83 97 3f 48 8b 00 48 89 45 f8 48
0x00007ff81c0d4805:   89 fe 4c 8d 45 f0 66 41 83 20 00 48 8d 3d e9 b7
0x00007ff81c0d4815:   e2 ff 48 8d 0d f2 46 18 00 6a 10 5a 6a 02 41 59
0x00007ff81c0d4825:   e8 6c 77 00 00 48 8b 05 ff 82 97 3f 48 8b 00 48
0x00007ff81c0d4835:   3b 45 f8 75 06 48 83 c4 10 5d c3 e8 85 76 00 00
0x00007ff81c0d4845:   48 8d 05 56 49 19 00 48 89 05 a5 31 ca 42 0f 0b
0x00007ff81c0d4855:   48 8d 05 a5 49 19 00 48 89 05 95 31 ca 42 0f 0b
0x00007ff81c0d4865:   55 48 89 e5 89 f8 f7 d0 a9 0b 40 00 10 74 1c 89
0x00007ff81c0d4875:   f8 25 0c 40 00 10 3d 0c 40 00 10 74 0e e8 71 7b
0x00007ff81c0d4885:   00 00 48 89 05 6a 31 ca 42 0f 0b 81 e7 00 3e 00
0x00007ff81c0d4895:   00 8d 87 00 fc ff ff 0f ac f8 0a 83 f8 07 77 e9
0x00007ff81c0d48a5:   48 8d 0d 30 00 00 00 48 63 04 81 48 01 c8 ff e0
0x00007ff81c0d48b5:   48 8d 05 5d 4e 19 00 eb c9 48 8d 05 2e 4e 19 00 



---------------  P R O C E S S  ---------------

VM state: synchronizing (normal execution)

VM Mutex/Monitor currently owned by a thread:  ([mutex/lock_event])
[0x00007f8e3f407700] Threads_lock - owner thread: 0x00007f8e3f50b1a0
[0x00007f8e3f4083d0] Heap_lock - owner thread: 0x00007f8e4307ba00

Heap address: 0x00000007c0000000, size: 1024 MB, Compressed Oops mode: Zero based, Oop shift amount: 3

CDS archive(s) not mapped
Compressed class space mapped at: 0x0000000800000000-0x0000000840000000, reserved size: 1073741824
Narrow klass base: 0x0000000800000000, Narrow klass shift: 0, Narrow klass range: 0x40000000

GC Precious Log:
<Skipped>

Heap:
 PSYoungGen      total 21504K, used 21487K [0x00000007eab00000, 0x00000007ecf00000, 0x0000000800000000)
  eden space 15360K, 100% used [0x00000007eab00000,0x00000007eba00000,0x00000007eba00000)
  from space 6144K, 99% used [0x00000007ebc00000,0x00000007ec1fbfb0,0x00000007ec200000)
  to   space 10752K, 0% used [0x00000007ec480000,0x00000007ec480000,0x00000007ecf00000)
 ParOldGen       total 184320K, used 158217K [0x00000007c0000000, 0x00000007cb400000, 0x00000007eab00000)
  object space 184320K, 85% used [0x00000007c0000000,0x00000007c9a82510,0x00000007cb400000)
 Metaspace       used 68555K, committed 69824K, reserved 1114112K
  class space    used 7395K, committed 7936K, reserved 1048576K

Card table byte_map: [0x000000010d9d6000,0x000000010dbd7000] _byte_map_base: 0x0000000109bd6000

Marking Bits: (ParMarkBitMap*) 0x000000010f603340
 Begin Bits: [0x0000000121610000, 0x0000000122610000)
 End Bits:   [0x0000000122610000, 0x0000000123610000)

Polling page: 0x00000001096cd000

Metaspace:

Usage:
  Non-class:     59.73 MB used.
      Class:      7.22 MB used.
       Both:     66.95 MB used.

Virtual space:
  Non-class space:       64.00 MB reserved,      60.44 MB ( 94%) committed,  1 nodes.
      Class space:        1.00 GB reserved,       7.75 MB ( <1%) committed,  1 nodes.
             Both:        1.06 GB reserved,      68.19 MB (  6%) committed. 

Chunk freelists:
   Non-Class:  2.98 MB
       Class:  8.22 MB
        Both:  11.20 MB

MaxMetaspaceSize: unlimited
CompressedClassSpaceSize: 1.00 GB
Initial GC threshold: 21.00 MB
Current GC threshold: 109.06 MB
CDS: off
MetaspaceReclaimPolicy: balanced
 - commit_granule_bytes: 65536.
 - commit_granule_words: 8192.
 - virtual_space_node_default_size: 8388608.
 - enlarge_chunks_in_place: 1.
 - new_chunks_are_fully_committed: 0.
 - uncommit_free_chunks: 1.
 - use_allocation_guard: 0.
 - handle_deallocations: 1.


Internal statistics:

num_allocs_failed_limit: 9.
num_arena_births: 720.
num_arena_deaths: 28.
num_vsnodes_births: 2.
num_vsnodes_deaths: 0.
num_space_committed: 1091.
num_space_uncommitted: 0.
num_chunks_returned_to_freelist: 42.
num_chunks_taken_from_freelist: 3680.
num_chunk_merges: 11.
num_chunk_splits: 2184.
num_chunks_enlarged: 1173.
num_inconsistent_stats: 0.

CodeHeap 'non-profiled nmethods': size=120028Kb used=2225Kb max_used=2225Kb free=117802Kb
 bounds [0x000000011a0d9000, 0x000000011a349000, 0x0000000121610000]
CodeHeap 'profiled nmethods': size=120028Kb used=16263Kb max_used=16263Kb free=103764Kb
 bounds [0x0000000112610000, 0x0000000113600000, 0x0000000119b47000]
CodeHeap 'non-nmethods': size=5704Kb used=1354Kb max_used=1391Kb free=4349Kb
 bounds [0x0000000119b47000, 0x0000000119db7000, 0x000000011a0d9000]
 total_blobs=8025 nmethods=7317 adapters=623
 compilation: enabled
              stopped_count=0, restarted_count=0
 full_count=0

Compilation events (20 events):
Event: 82.467 Thread 0x00007f8e40813400 8979   !   3       org.eclipse.jdt.internal.compiler.impl.CompilerOptions::versionToJdkLevel (236 bytes)
Event: 82.525 Thread 0x00007f8e4280ac00 nmethod 8337 0x000000011a302210 code [0x000000011a302480, 0x000000011a303350]
Event: 82.528 Thread 0x00007f8e4280ac00 8796       4       com.google.gson.stream.JsonReader::nextQuotedValue (294 bytes)
Event: 82.530 Thread 0x00007f8e40813400 nmethod 8979 0x00000001135c4610 code [0x00000001135c4a60, 0x00000001135c6800]
Event: 82.530 Thread 0x00007f8e40813400 8978       2       org.eclipse.jdt.internal.compiler.util.HashtableOfObjectToInt::get (59 bytes)
Event: 82.531 Thread 0x00007f8e40813400 nmethod 8978 0x00000001135c7190 code [0x00000001135c7360, 0x00000001135c7650]
Event: 82.545 Thread 0x00007f8e40813400 8980       2       org.eclipse.jdt.internal.core.JavaProject$ModuleLookup::getRoot (22 bytes)
Event: 82.547 Thread 0x00007f8e40813400 nmethod 8980 0x00000001135c7890 code [0x00000001135c7a60, 0x00000001135c7c80]
Event: 82.547 Thread 0x00007f8e40813400 8981       1       org.eclipse.jdt.internal.core.PackageFragmentRootInfo::getRootKind (5 bytes)
Event: 82.547 Thread 0x00007f8e40813400 nmethod 8981 0x000000011a303d10 code [0x000000011a303ea0, 0x000000011a303f70]
Event: 82.550 Thread 0x00007f8e40813400 8983       2       lombok.eclipse.EclipseAST::buildMethod (110 bytes)
Event: 82.556 Thread 0x00007f8e40813400 nmethod 8983 0x00000001135c7d90 code [0x00000001135c7fe0, 0x00000001135c8670]
Event: 82.556 Thread 0x00007f8e40813400 8982       2       org.eclipse.jdt.internal.compiler.parser.Parser::concatNodeLists (31 bytes)
Event: 82.556 Thread 0x00007f8e40813400 nmethod 8982 0x00000001135c8a90 code [0x00000001135c8c20, 0x00000001135c8d90]
Event: 82.558 Thread 0x00007f8e40813400 8984       2       java.nio.CharBuffer::allocate (20 bytes)
Event: 82.569 Thread 0x00007f8e40813400 nmethod 8984 0x00000001135c8e90 code [0x00000001135c9040, 0x00000001135c91f0]
Event: 82.569 Thread 0x00007f8e40813400 8986       2       org.eclipse.jdt.internal.core.util.Util::isExcluded (165 bytes)
Event: 82.574 Thread 0x00007f8e40813400 nmethod 8986 0x00000001135c9310 code [0x00000001135c9600, 0x00000001135ca040]
Event: 82.574 Thread 0x00007f8e40813400 8985       2       java.nio.HeapCharBuffer::<init> (21 bytes)
Event: 82.575 Thread 0x00007f8e40813400 nmethod 8985 0x00000001135ca590 code [0x00000001135ca740, 0x00000001135ca940]

GC Heap History (20 events):
Event: 76.670 GC heap before
{Heap before GC invocations=61 (full 4):
 PSYoungGen      total 16896K, used 14972K [0x00000007eab00000, 0x00000007ec080000, 0x0000000800000000)
  eden space 10752K, 99% used [0x00000007eab00000,0x00000007eb575728,0x00000007eb580000)
  from space 6144K, 69% used [0x00000007eb580000,0x00000007eb9a9990,0x00000007ebb80000)
  to   space 5120K, 0% used [0x00000007ebb80000,0x00000007ebb80000,0x00000007ec080000)
 ParOldGen       total 117248K, used 97272K [0x00000007c0000000, 0x00000007c7280000, 0x00000007eab00000)
  object space 117248K, 82% used [0x00000007c0000000,0x00000007c5efe3f8,0x00000007c7280000)
 Metaspace       used 65636K, committed 66816K, reserved 1114112K
  class space    used 7098K, committed 7616K, reserved 1048576K
}
Event: 76.691 GC heap after
{Heap after GC invocations=61 (full 4):
 PSYoungGen      total 14848K, used 5114K [0x00000007eab00000, 0x00000007ec480000, 0x0000000800000000)
  eden space 9728K, 0% used [0x00000007eab00000,0x00000007eab00000,0x00000007eb480000)
  from space 5120K, 99% used [0x00000007ebb80000,0x00000007ec07eb48,0x00000007ec080000)
  to   space 7168K, 0% used [0x00000007eb480000,0x00000007eb480000,0x00000007ebb80000)
 ParOldGen       total 117248K, used 98499K [0x00000007c0000000, 0x00000007c7280000, 0x00000007eab00000)
  object space 117248K, 84% used [0x00000007c0000000,0x00000007c6030c28,0x00000007c7280000)
 Metaspace       used 65636K, committed 66816K, reserved 1114112K
  class space    used 7098K, committed 7616K, reserved 1048576K
}
Event: 76.862 GC heap before
{Heap before GC invocations=62 (full 4):
 PSYoungGen      total 14848K, used 14842K [0x00000007eab00000, 0x00000007ec480000, 0x0000000800000000)
  eden space 9728K, 100% used [0x00000007eab00000,0x00000007eb480000,0x00000007eb480000)
  from space 5120K, 99% used [0x00000007ebb80000,0x00000007ec07eb48,0x00000007ec080000)
  to   space 7168K, 0% used [0x00000007eb480000,0x00000007eb480000,0x00000007ebb80000)
 ParOldGen       total 117248K, used 98500K [0x00000007c0000000, 0x00000007c7280000, 0x00000007eab00000)
  object space 117248K, 84% used [0x00000007c0000000,0x00000007c60311f8,0x00000007c7280000)
 Metaspace       used 65660K, committed 66816K, reserved 1114112K
  class space    used 7099K, committed 7616K, reserved 1048576K
}
Event: 76.893 GC heap after
{Heap after GC invocations=62 (full 4):
 PSYoungGen      total 16896K, used 5590K [0x00000007eab00000, 0x00000007ec280000, 0x0000000800000000)
  eden space 9728K, 0% used [0x00000007eab00000,0x00000007eab00000,0x00000007eb480000)
  from space 7168K, 77% used [0x00000007eb480000,0x00000007eb9f5b88,0x00000007ebb80000)
  to   space 6144K, 0% used [0x00000007ebc80000,0x00000007ebc80000,0x00000007ec280000)
 ParOldGen       total 117248K, used 100591K [0x00000007c0000000, 0x00000007c7280000, 0x00000007eab00000)
  object space 117248K, 85% used [0x00000007c0000000,0x00000007c623bd20,0x00000007c7280000)
 Metaspace       used 65660K, committed 66816K, reserved 1114112K
  class space    used 7099K, committed 7616K, reserved 1048576K
}
Event: 76.977 GC heap before
{Heap before GC invocations=63 (full 4):
 PSYoungGen      total 16896K, used 15318K [0x00000007eab00000, 0x00000007ec280000, 0x0000000800000000)
  eden space 9728K, 100% used [0x00000007eab00000,0x00000007eb480000,0x00000007eb480000)
  from space 7168K, 77% used [0x00000007eb480000,0x00000007eb9f5b88,0x00000007ebb80000)
  to   space 6144K, 0% used [0x00000007ebc80000,0x00000007ebc80000,0x00000007ec280000)
 ParOldGen       total 117248K, used 100618K [0x00000007c0000000, 0x00000007c7280000, 0x00000007eab00000)
  object space 117248K, 85% used [0x00000007c0000000,0x00000007c6242b30,0x00000007c7280000)
 Metaspace       used 65767K, committed 66944K, reserved 1114112K
  class space    used 7108K, committed 7616K, reserved 1048576K
}
Event: 77.008 GC heap after
{Heap after GC invocations=63 (full 4):
 PSYoungGen      total 16384K, used 5410K [0x00000007eab00000, 0x00000007ec200000, 0x0000000800000000)
  eden space 10752K, 0% used [0x00000007eab00000,0x00000007eab00000,0x00000007eb580000)
  from space 5632K, 96% used [0x00000007ebc80000,0x00000007ec1c8bf0,0x00000007ec200000)
  to   space 5632K, 0% used [0x00000007eb700000,0x00000007eb700000,0x00000007ebc80000)
 ParOldGen       total 117248K, used 104448K [0x00000007c0000000, 0x00000007c7280000, 0x00000007eab00000)
  object space 117248K, 89% used [0x00000007c0000000,0x00000007c6600340,0x00000007c7280000)
 Metaspace       used 65767K, committed 66944K, reserved 1114112K
  class space    used 7108K, committed 7616K, reserved 1048576K
}
Event: 77.097 GC heap before
{Heap before GC invocations=64 (full 4):
 PSYoungGen      total 16384K, used 16162K [0x00000007eab00000, 0x00000007ec200000, 0x0000000800000000)
  eden space 10752K, 100% used [0x00000007eab00000,0x00000007eb580000,0x00000007eb580000)
  from space 5632K, 96% used [0x00000007ebc80000,0x00000007ec1c8bf0,0x00000007ec200000)
  to   space 5632K, 0% used [0x00000007eb700000,0x00000007eb700000,0x00000007ebc80000)
 ParOldGen       total 117248K, used 104448K [0x00000007c0000000, 0x00000007c7280000, 0x00000007eab00000)
  object space 117248K, 89% used [0x00000007c0000000,0x00000007c6600340,0x00000007c7280000)
 Metaspace       used 65868K, committed 67008K, reserved 1114112K
  class space    used 7117K, committed 7616K, reserved 1048576K
}
Event: 77.146 GC heap after
{Heap after GC invocations=64 (full 4):
 PSYoungGen      total 17920K, used 5601K [0x00000007eab00000, 0x00000007ed500000, 0x0000000800000000)
  eden space 12288K, 0% used [0x00000007eab00000,0x00000007eab00000,0x00000007eb700000)
  from space 5632K, 99% used [0x00000007eb700000,0x00000007ebc784f8,0x00000007ebc80000)
  to   space 15360K, 0% used [0x00000007ec600000,0x00000007ec600000,0x00000007ed500000)
 ParOldGen       total 117248K, used 112480K [0x00000007c0000000, 0x00000007c7280000, 0x00000007eab00000)
  object space 117248K, 95% used [0x00000007c0000000,0x00000007c6dd8040,0x00000007c7280000)
 Metaspace       used 65868K, committed 67008K, reserved 1114112K
  class space    used 7117K, committed 7616K, reserved 1048576K
}
Event: 77.146 GC heap before
{Heap before GC invocations=65 (full 5):
 PSYoungGen      total 17920K, used 5601K [0x00000007eab00000, 0x00000007ed500000, 0x0000000800000000)
  eden space 12288K, 0% used [0x00000007eab00000,0x00000007eab00000,0x00000007eb700000)
  from space 5632K, 99% used [0x00000007eb700000,0x00000007ebc784f8,0x00000007ebc80000)
  to   space 15360K, 0% used [0x00000007ec600000,0x00000007ec600000,0x00000007ed500000)
 ParOldGen       total 117248K, used 112480K [0x00000007c0000000, 0x00000007c7280000, 0x00000007eab00000)
  object space 117248K, 95% used [0x00000007c0000000,0x00000007c6dd8040,0x00000007c7280000)
 Metaspace       used 65868K, committed 67008K, reserved 1114112K
  class space    used 7117K, committed 7616K, reserved 1048576K
}
Event: 77.604 GC heap after
{Heap after GC invocations=65 (full 5):
 PSYoungGen      total 27648K, used 0K [0x00000007eab00000, 0x00000007ed700000, 0x0000000800000000)
  eden space 12288K, 0% used [0x00000007eab00000,0x00000007eab00000,0x00000007eb700000)
  from space 15360K, 0% used [0x00000007ec600000,0x00000007ec600000,0x00000007ed500000)
  to   space 15360K, 0% used [0x00000007eb700000,0x00000007eb700000,0x00000007ec600000)
 ParOldGen       total 184320K, used 110116K [0x00000007c0000000, 0x00000007cb400000, 0x00000007eab00000)
  object space 184320K, 59% used [0x00000007c0000000,0x00000007c6b89348,0x00000007cb400000)
 Metaspace       used 65868K, committed 67008K, reserved 1114112K
  class space    used 7117K, committed 7616K, reserved 1048576K
}
Event: 79.221 GC heap before
{Heap before GC invocations=66 (full 5):
 PSYoungGen      total 27648K, used 12288K [0x00000007eab00000, 0x00000007ed700000, 0x0000000800000000)
  eden space 12288K, 100% used [0x00000007eab00000,0x00000007eb700000,0x00000007eb700000)
  from space 15360K, 0% used [0x00000007ec600000,0x00000007ec600000,0x00000007ed500000)
  to   space 15360K, 0% used [0x00000007eb700000,0x00000007eb700000,0x00000007ec600000)
 ParOldGen       total 184320K, used 125440K [0x00000007c0000000, 0x00000007cb400000, 0x00000007eab00000)
  object space 184320K, 68% used [0x00000007c0000000,0x00000007c7a80048,0x00000007cb400000)
 Metaspace       used 66782K, committed 68032K, reserved 1114112K
  class space    used 7199K, committed 7744K, reserved 1048576K
}
Event: 79.245 GC heap after
{Heap after GC invocations=66 (full 5):
 PSYoungGen      total 14336K, used 1679K [0x00000007eab00000, 0x00000007ec680000, 0x0000000800000000)
  eden space 12288K, 0% used [0x00000007eab00000,0x00000007eab00000,0x00000007eb700000)
  from space 2048K, 82% used [0x00000007eb700000,0x00000007eb8a3db8,0x00000007eb900000)
  to   space 6144K, 0% used [0x00000007ec080000,0x00000007ec080000,0x00000007ec680000)
 ParOldGen       total 184320K, used 125448K [0x00000007c0000000, 0x00000007cb400000, 0x00000007eab00000)
  object space 184320K, 68% used [0x00000007c0000000,0x00000007c7a82048,0x00000007cb400000)
 Metaspace       used 66782K, committed 68032K, reserved 1114112K
  class space    used 7199K, committed 7744K, reserved 1048576K
}
Event: 79.992 GC heap before
{Heap before GC invocations=67 (full 5):
 PSYoungGen      total 14336K, used 13967K [0x00000007eab00000, 0x00000007ec680000, 0x0000000800000000)
  eden space 12288K, 100% used [0x00000007eab00000,0x00000007eb700000,0x00000007eb700000)
  from space 2048K, 82% used [0x00000007eb700000,0x00000007eb8a3db8,0x00000007eb900000)
  to   space 6144K, 0% used [0x00000007ec080000,0x00000007ec080000,0x00000007ec680000)
 ParOldGen       total 184320K, used 147468K [0x00000007c0000000, 0x00000007cb400000, 0x00000007eab00000)
  object space 184320K, 80% used [0x00000007c0000000,0x00000007c9003160,0x00000007cb400000)
 Metaspace       used 67127K, committed 68288K, reserved 1114112K
  class space    used 7241K, committed 7744K, reserved 1048576K
}
Event: 80.013 GC heap after
{Heap after GC invocations=67 (full 5):
 PSYoungGen      total 18432K, used 4252K [0x00000007eab00000, 0x00000007ec500000, 0x0000000800000000)
  eden space 13824K, 0% used [0x00000007eab00000,0x00000007eab00000,0x00000007eb880000)
  from space 4608K, 92% used [0x00000007ec080000,0x00000007ec4a7000,0x00000007ec500000)
  to   space 5120K, 0% used [0x00000007ebb00000,0x00000007ebb00000,0x00000007ec000000)
 ParOldGen       total 184320K, used 147468K [0x00000007c0000000, 0x00000007cb400000, 0x00000007eab00000)
  object space 184320K, 80% used [0x00000007c0000000,0x00000007c9003160,0x00000007cb400000)
 Metaspace       used 67127K, committed 68288K, reserved 1114112K
  class space    used 7241K, committed 7744K, reserved 1048576K
}
Event: 80.629 GC heap before
{Heap before GC invocations=68 (full 5):
 PSYoungGen      total 18432K, used 18075K [0x00000007eab00000, 0x00000007ec500000, 0x0000000800000000)
  eden space 13824K, 99% used [0x00000007eab00000,0x00000007eb87fe50,0x00000007eb880000)
  from space 4608K, 92% used [0x00000007ec080000,0x00000007ec4a7000,0x00000007ec500000)
  to   space 5120K, 0% used [0x00000007ebb00000,0x00000007ebb00000,0x00000007ec000000)
 ParOldGen       total 184320K, used 147468K [0x00000007c0000000, 0x00000007cb400000, 0x00000007eab00000)
  object space 184320K, 80% used [0x00000007c0000000,0x00000007c9003160,0x00000007cb400000)
 Metaspace       used 67470K, committed 68672K, reserved 1114112K
  class space    used 7294K, committed 7808K, reserved 1048576K
}
Event: 80.660 GC heap after
{Heap after GC invocations=68 (full 5):
 PSYoungGen      total 20480K, used 5101K [0x00000007eab00000, 0x00000007ecb00000, 0x0000000800000000)
  eden space 15360K, 0% used [0x00000007eab00000,0x00000007eab00000,0x00000007eba00000)
  from space 5120K, 99% used [0x00000007ebb00000,0x00000007ebffb438,0x00000007ec000000)
  to   space 8704K, 0% used [0x00000007ec280000,0x00000007ec280000,0x00000007ecb00000)
 ParOldGen       total 184320K, used 150116K [0x00000007c0000000, 0x00000007cb400000, 0x00000007eab00000)
  object space 184320K, 81% used [0x00000007c0000000,0x00000007c92990e0,0x00000007cb400000)
 Metaspace       used 67470K, committed 68672K, reserved 1114112K
  class space    used 7294K, committed 7808K, reserved 1048576K
}
Event: 81.914 GC heap before
{Heap before GC invocations=69 (full 5):
 PSYoungGen      total 20480K, used 20461K [0x00000007eab00000, 0x00000007ecb00000, 0x0000000800000000)
  eden space 15360K, 100% used [0x00000007eab00000,0x00000007eba00000,0x00000007eba00000)
  from space 5120K, 99% used [0x00000007ebb00000,0x00000007ebffb438,0x00000007ec000000)
  to   space 8704K, 0% used [0x00000007ec280000,0x00000007ec280000,0x00000007ecb00000)
 ParOldGen       total 184320K, used 150116K [0x00000007c0000000, 0x00000007cb400000, 0x00000007eab00000)
  object space 184320K, 81% used [0x00000007c0000000,0x00000007c92990e0,0x00000007cb400000)
 Metaspace       used 68063K, committed 69312K, reserved 1114112K
  class space    used 7367K, committed 7872K, reserved 1048576K
}
Event: 81.944 GC heap after
{Heap after GC invocations=69 (full 5):
 PSYoungGen      total 20992K, used 5199K [0x00000007eab00000, 0x00000007ec800000, 0x0000000800000000)
  eden space 15360K, 0% used [0x00000007eab00000,0x00000007eab00000,0x00000007eba00000)
  from space 5632K, 92% used [0x00000007ec280000,0x00000007ec793f98,0x00000007ec800000)
  to   space 6144K, 0% used [0x00000007ebc00000,0x00000007ebc00000,0x00000007ec200000)
 ParOldGen       total 184320K, used 154769K [0x00000007c0000000, 0x00000007cb400000, 0x00000007eab00000)
  object space 184320K, 83% used [0x00000007c0000000,0x00000007c9724560,0x00000007cb400000)
 Metaspace       used 68063K, committed 69312K, reserved 1114112K
  class space    used 7367K, committed 7872K, reserved 1048576K
}
Event: 82.498 GC heap before
{Heap before GC invocations=70 (full 5):
 PSYoungGen      total 20992K, used 20557K [0x00000007eab00000, 0x00000007ec800000, 0x0000000800000000)
  eden space 15360K, 99% used [0x00000007eab00000,0x00000007eb9ff510,0x00000007eba00000)
  from space 5632K, 92% used [0x00000007ec280000,0x00000007ec793f98,0x00000007ec800000)
  to   space 6144K, 0% used [0x00000007ebc00000,0x00000007ebc00000,0x00000007ec200000)
 ParOldGen       total 184320K, used 154769K [0x00000007c0000000, 0x00000007cb400000, 0x00000007eab00000)
  object space 184320K, 83% used [0x00000007c0000000,0x00000007c9724560,0x00000007cb400000)
 Metaspace       used 68502K, committed 69760K, reserved 1114112K
  class space    used 7395K, committed 7936K, reserved 1048576K
}
Event: 82.522 GC heap after
{Heap after GC invocations=70 (full 5):
 PSYoungGen      total 21504K, used 6127K [0x00000007eab00000, 0x00000007ecf00000, 0x0000000800000000)
  eden space 15360K, 0% used [0x00000007eab00000,0x00000007eab00000,0x00000007eba00000)
  from space 6144K, 99% used [0x00000007ebc00000,0x00000007ec1fbfb0,0x00000007ec200000)
  to   space 10752K, 0% used [0x00000007ec480000,0x00000007ec480000,0x00000007ecf00000)
 ParOldGen       total 184320K, used 158217K [0x00000007c0000000, 0x00000007cb400000, 0x00000007eab00000)
  object space 184320K, 85% used [0x00000007c0000000,0x00000007c9a82510,0x00000007cb400000)
 Metaspace       used 68502K, committed 69760K, reserved 1114112K
  class space    used 7395K, committed 7936K, reserved 1048576K
}

Dll operation events (20 events):
Event: 2.295 Loaded shared library /Users/linneascheet/.vscode/extensions/redhat.java-1.35.1-darwin-x64/jre/17.0.12-macosx-x86_64/lib/libnio.dylib
Event: 2.375 Loaded shared library /Users/linneascheet/.vscode/extensions/redhat.java-1.35.1-darwin-x64/jre/17.0.12-macosx-x86_64/lib/libzip.dylib
Event: 2.547 Loaded shared library /Users/linneascheet/.vscode/extensions/redhat.java-1.35.1-darwin-x64/jre/17.0.12-macosx-x86_64/lib/libjimage.dylib
Event: 3.258 Loaded shared library /Users/linneascheet/.vscode/extensions/redhat.java-1.35.1-darwin-x64/jre/17.0.12-macosx-x86_64/lib/libverify.dylib
Event: 11.211 Loaded shared library /Users/linneascheet/.vscode/extensions/redhat.java-1.35.1-darwin-x64/jre/17.0.12-macosx-x86_64/lib/libnet.dylib
Event: 16.779 Loaded shared library /Users/linneascheet/Library/Application Support/Code/User/globalStorage/redhat.java/1.35.1/config_mac/org.eclipse.equinox.launcher/org.eclipse.equinox.launcher.cocoa.macosx.x86_64_1.2.1100.v20240722-2106/eclipse_11904.so
Event: 30.607 Loading shared library /Users/linneascheet/.vscode/extensions/redhat.java-1.35.1-darwin-x64/jre/17.0.12-macosx-x86_64/lib/libunixfile_1_0_0.dylib failed, dlopen(/Users/linneascheet/.vscode/extensions/redhat.java-1.35.1-darwin-x64/jre/17.0.12-macosx-x86_64
Event: 30.609 Loading shared library /Users/linneascheet/.vscode/extensions/redhat.java-1.35.1-darwin-x64/jre/17.0.12-macosx-x86_64/lib/libunixfile_1_0_0.jnilib failed, dlopen(/Users/linneascheet/.vscode/extensions/redhat.java-1.35.1-darwin-x64/jre/17.0.12-macosx-x86_6
Event: 30.610 Loading shared library /Users/linneascheet/Library/Java/Extensions/libunixfile_1_0_0.dylib failed, dlopen(/Users/linneascheet/Library/Java/Extensions/libunixfile_1_0_0.dylib, 0x0001): tried: '/Users/linneascheet/Library/Java/Extensions/libunixfile_1_0_0.d
Event: 30.623 Loading shared library /Users/linneascheet/Library/Java/Extensions/libunixfile_1_0_0.jnilib failed, dlopen(/Users/linneascheet/Library/Java/Extensions/libunixfile_1_0_0.jnilib, 0x0001): tried: '/Users/linneascheet/Library/Java/Extensions/libunixfile_1_0_0
Event: 30.625 Loading shared library /Library/Java/Extensions/libunixfile_1_0_0.dylib failed, dlopen(/Library/Java/Extensions/libunixfile_1_0_0.dylib, 0x0001): tried: '/Library/Java/Extensions/libunixfile_1_0_0.dylib' (no such file), '/System/Volumes/Preboot/Cryptexes/
Event: 30.626 Loading shared library /Library/Java/Extensions/libunixfile_1_0_0.jnilib failed, dlopen(/Library/Java/Extensions/libunixfile_1_0_0.jnilib, 0x0001): tried: '/Library/Java/Extensions/libunixfile_1_0_0.jnilib' (no such file), '/System/Volumes/Preboot/Cryptex
Event: 30.627 Loading shared library /Network/Library/Java/Extensions/libunixfile_1_0_0.dylib failed, dlopen(/Network/Library/Java/Extensions/libunixfile_1_0_0.dylib, 0x0001): tried: '/Network/Library/Java/Extensions/libunixfile_1_0_0.dylib' (no such file), '/System/Vo
Event: 30.628 Loading shared library /Network/Library/Java/Extensions/libunixfile_1_0_0.jnilib failed, dlopen(/Network/Library/Java/Extensions/libunixfile_1_0_0.jnilib, 0x0001): tried: '/Network/Library/Java/Extensions/libunixfile_1_0_0.jnilib' (no such file), '/System
Event: 30.629 Loading shared library /System/Library/Java/Extensions/libunixfile_1_0_0.dylib failed, dlopen(/System/Library/Java/Extensions/libunixfile_1_0_0.dylib, 0x0001): tried: '/System/Library/Java/Extensions/libunixfile_1_0_0.dylib' (no such file), '/System/Volum
Event: 30.630 Loading shared library /System/Library/Java/Extensions/libunixfile_1_0_0.jnilib failed, dlopen(/System/Library/Java/Extensions/libunixfile_1_0_0.jnilib, 0x0001): tried: '/System/Library/Java/Extensions/libunixfile_1_0_0.jnilib' (no such file), '/System/Vo
Event: 30.632 Loading shared library /usr/lib/java/libunixfile_1_0_0.dylib failed, dlopen(/usr/lib/java/libunixfile_1_0_0.dylib, 0x0001): tried: '/usr/lib/java/libunixfile_1_0_0.dylib' (no such file), '/System/Volumes/Preboot/Cryptexes/OS/usr/lib/java/libunixfile_1_0_0
Event: 30.651 Loading shared library /usr/lib/java/libunixfile_1_0_0.jnilib failed, dlopen(/usr/lib/java/libunixfile_1_0_0.jnilib, 0x0001): tried: '/usr/lib/java/libunixfile_1_0_0.jnilib' (no such file), '/System/Volumes/Preboot/Cryptexes/OS/usr/lib/java/libunixfile_1_
Event: 30.668 Loading shared library /Users/linneascheet/Downloads/RPG_Game 7/libunixfile_1_0_0.dylib failed, dlopen(/Users/linneascheet/Downloads/RPG_Game 7/libunixfile_1_0_0.dylib, 0x0001): tried: '/Users/linneascheet/Downloads/RPG_Game 7/libunixfile_1_0_0.dylib' (no
Event: 30.669 Loading shared library /Users/linneascheet/Downloads/RPG_Game 7/libunixfile_1_0_0.jnilib failed, dlopen(/Users/linneascheet/Downloads/RPG_Game 7/libunixfile_1_0_0.jnilib, 0x0001): tried: '/Users/linneascheet/Downloads/RPG_Game 7/libunixfile_1_0_0.jnilib' 

Deoptimization events (20 events):
Event: 81.984 Thread 0x00007f8e41082200 DEOPT PACKING pc=0x00000001127a5eb3 sp=0x000070000bf8de60
Event: 81.984 Thread 0x00007f8e41082200 DEOPT UNPACKING pc=0x0000000119b9db2f sp=0x000070000bf8d3e8 mode 0
Event: 82.131 Thread 0x00007f8e412de400 DEOPT PACKING pc=0x0000000112617621 sp=0x000070000d6d28c0
Event: 82.131 Thread 0x00007f8e412de400 DEOPT UNPACKING pc=0x0000000119b9db2f sp=0x000070000d6d1e38 mode 0
Event: 82.151 Thread 0x00007f8e41082200 DEOPT PACKING pc=0x00000001127a5f33 sp=0x000070000bf8de60
Event: 82.151 Thread 0x00007f8e41082200 DEOPT UNPACKING pc=0x0000000119b9db2f sp=0x000070000bf8d3e8 mode 0
Event: 82.154 Thread 0x00007f8e41082200 DEOPT PACKING pc=0x0000000112683809 sp=0x000070000bf8db00
Event: 82.154 Thread 0x00007f8e41082200 DEOPT UNPACKING pc=0x0000000119b9db2f sp=0x000070000bf8d018 mode 0
Event: 82.199 Thread 0x00007f8e41082200 DEOPT PACKING pc=0x00000001127a5f33 sp=0x000070000bf8de60
Event: 82.199 Thread 0x00007f8e41082200 DEOPT UNPACKING pc=0x0000000119b9db2f sp=0x000070000bf8d3e8 mode 0
Event: 82.282 Thread 0x00007f8e41082200 DEOPT PACKING pc=0x00000001127a5eb3 sp=0x000070000bf8de60
Event: 82.282 Thread 0x00007f8e41082200 DEOPT UNPACKING pc=0x0000000119b9db2f sp=0x000070000bf8d3e8 mode 0
Event: 82.312 Thread 0x00007f8e41082200 DEOPT PACKING pc=0x0000000112683809 sp=0x000070000bf8db00
Event: 82.312 Thread 0x00007f8e41082200 DEOPT UNPACKING pc=0x0000000119b9db2f sp=0x000070000bf8d018 mode 0
Event: 82.404 Thread 0x00007f8e41082200 DEOPT PACKING pc=0x00000001127a5eb3 sp=0x000070000bf8de60
Event: 82.405 Thread 0x00007f8e41082200 DEOPT UNPACKING pc=0x0000000119b9db2f sp=0x000070000bf8d3e8 mode 0
Event: 82.466 Thread 0x00007f8e41082200 DEOPT PACKING pc=0x0000000112683809 sp=0x000070000bf8db00
Event: 82.467 Thread 0x00007f8e41082200 DEOPT UNPACKING pc=0x0000000119b9db2f sp=0x000070000bf8d018 mode 0
Event: 82.555 Thread 0x00007f8e41082200 DEOPT PACKING pc=0x00000001127a5f33 sp=0x000070000bf8de60
Event: 82.555 Thread 0x00007f8e41082200 DEOPT UNPACKING pc=0x0000000119b9db2f sp=0x000070000bf8d3e8 mode 0

Classes loaded (20 events):
Event: 75.945 Loading class javax/crypto/NullCipher
Event: 75.946 Loading class javax/crypto/NullCipher done
Event: 75.946 Loading class sun/security/util/ArrayUtil
Event: 75.946 Loading class sun/security/util/ArrayUtil done
Event: 76.045 Loading class java/util/concurrent/ForkJoinTask$AdaptedCallable
Event: 76.056 Loading class java/util/concurrent/ForkJoinTask$AdaptedCallable done
Event: 76.057 Loading class java/util/concurrent/CountedCompleter
Event: 76.058 Loading class java/util/concurrent/CountedCompleter done
Event: 76.834 Loading class java/util/zip/CheckedInputStream
Event: 76.834 Loading class java/util/zip/CheckedInputStream done
Event: 78.437 Loading class java/util/LinkedList$LLSpliterator
Event: 78.438 Loading class java/util/LinkedList$LLSpliterator done
Event: 78.890 Loading class javax/xml/transform/TransformerConfigurationException
Event: 78.891 Loading class javax/xml/transform/TransformerConfigurationException done
Event: 79.404 Loading class java/util/zip/GZIPInputStream$1
Event: 79.404 Loading class java/util/zip/GZIPInputStream$1 done
Event: 80.207 Loading class java/util/stream/ReduceOps$2
Event: 80.207 Loading class java/util/stream/ReduceOps$2 done
Event: 80.207 Loading class java/util/stream/ReduceOps$2ReducingSink
Event: 80.208 Loading class java/util/stream/ReduceOps$2ReducingSink done

Classes unloaded (14 events):
Event: 28.580 Thread 0x00007f8e3f50b1a0 Unloading class 0x0000000800254800 'java/lang/invoke/LambdaForm$MH+0x0000000800254800'
Event: 28.580 Thread 0x00007f8e3f50b1a0 Unloading class 0x0000000800254400 'java/lang/invoke/LambdaForm$MH+0x0000000800254400'
Event: 28.580 Thread 0x00007f8e3f50b1a0 Unloading class 0x0000000800254000 'java/lang/invoke/LambdaForm$MH+0x0000000800254000'
Event: 28.581 Thread 0x00007f8e3f50b1a0 Unloading class 0x0000000800253c00 'java/lang/invoke/LambdaForm$MH+0x0000000800253c00'
Event: 28.581 Thread 0x00007f8e3f50b1a0 Unloading class 0x0000000800253800 'java/lang/invoke/LambdaForm$BMH+0x0000000800253800'
Event: 28.581 Thread 0x00007f8e3f50b1a0 Unloading class 0x0000000800253400 'java/lang/invoke/LambdaForm$DMH+0x0000000800253400'
Event: 28.581 Thread 0x00007f8e3f50b1a0 Unloading class 0x0000000800250800 'java/lang/invoke/LambdaForm$DMH+0x0000000800250800'
Event: 42.585 Thread 0x00007f8e3f50b1a0 Unloading class 0x000000080032a400 'java/lang/invoke/LambdaForm$MH+0x000000080032a400'
Event: 42.585 Thread 0x00007f8e3f50b1a0 Unloading class 0x0000000800329800 'java/lang/invoke/LambdaForm$MH+0x0000000800329800'
Event: 42.585 Thread 0x00007f8e3f50b1a0 Unloading class 0x0000000800329000 'java/lang/invoke/LambdaForm$MH+0x0000000800329000'
Event: 42.585 Thread 0x00007f8e3f50b1a0 Unloading class 0x0000000800328c00 'java/lang/invoke/LambdaForm$MH+0x0000000800328c00'
Event: 42.585 Thread 0x00007f8e3f50b1a0 Unloading class 0x0000000800328400 'java/lang/invoke/LambdaForm$DMH+0x0000000800328400'
Event: 42.585 Thread 0x00007f8e3f50b1a0 Unloading class 0x0000000800323c00 'java/lang/invoke/LambdaForm$MH+0x0000000800323c00'
Event: 42.585 Thread 0x00007f8e3f50b1a0 Unloading class 0x0000000800323000 'java/lang/invoke/LambdaForm$MH+0x0000000800323000'

Classes redefined (0 events):
No events

Internal exceptions (20 events):
Event: 68.223 Thread 0x00007f8e40819400 Exception <a 'java/lang/NoSuchMethodError'{0x00000007ebb6d9b8}: 'java.lang.Object java.lang.invoke.DirectMethodHandle$Holder.newInvokeSpecial(java.lang.Object, java.lang.Object, java.lang.Object, java.lang.Object, int)'> (0x00000007ebb6d9b8) 
thrown [src/hotspot/share/interpreter/linkResolver.cpp, line 759]
Event: 68.224 Thread 0x00007f8e40819400 Exception <a 'java/lang/NoSuchMethodError'{0x00000007ebb71cf0}: 'java.lang.Object java.lang.invoke.DirectMethodHandle$Holder.invokeSpecial(java.lang.Object, java.lang.Object, java.lang.Object, java.lang.Object, java.lang.Object, int)'> (0x00000007ebb71cf0) 
thrown [src/hotspot/share/interpreter/linkResolver.cpp, line 759]
Event: 68.225 Thread 0x00007f8e40819400 Exception <a 'java/lang/NoSuchMethodError'{0x00000007ebb759d8}: 'java.lang.Object java.lang.invoke.Invokers$Holder.linkToTargetMethod(java.lang.Object, java.lang.Object, java.lang.Object, int, java.lang.Object)'> (0x00000007ebb759d8) 
thrown [src/hotspot/share/interpreter/linkResolver.cpp, line 759]
Event: 69.476 Thread 0x00007f8e4280ce00 Exception <a 'java/lang/NoSuchMethodError'{0x00000007ead27350}: 'java.lang.Object java.lang.invoke.DirectMethodHandle$Holder.newInvokeSpecial(java.lang.Object, java.lang.Object, java.lang.Object, java.lang.Object, java.lang.Object, java.lang.Object)'> (0x00000007ead27350) 
thrown [src/hotspot/share/interpreter/linkResolver.cpp, line 759]
Event: 69.675 Thread 0x00007f8e400dc000 Exception <a 'java/lang/NoSuchMethodError'{0x00000007eb440780}: 'void java.lang.invoke.DirectMethodHandle$Holder.invokeStaticInit(java.lang.Object, java.lang.Object, java.lang.Object, java.lang.Object)'> (0x00000007eb440780) 
thrown [src/hotspot/share/interpreter/linkResolver.cpp, line 759]
Event: 69.829 Thread 0x00007f8e400f2a00 Exception <a 'java/io/FileNotFoundException'{0x00000007eab3f8e0}> (0x00000007eab3f8e0) 
thrown [src/hotspot/share/prims/jni.cpp, line 516]
Event: 70.477 Thread 0x00007f8e41081000 Exception <a 'java/lang/NoSuchMethodError'{0x00000007eaf413d0}: 'int java.lang.invoke.DirectMethodHandle$Holder.invokeSpecialIFC(java.lang.Object, java.lang.Object, java.lang.Object, java.lang.Object)'> (0x00000007eaf413d0) 
thrown [src/hotspot/share/interpreter/linkResolver.cpp, line 759]
Event: 70.697 Thread 0x00007f8e41081000 Exception <a 'java/lang/NoSuchMethodError'{0x00000007eb48f2e8}: 'int java.lang.invoke.DirectMethodHandle$Holder.invokeInterface(java.lang.Object, java.lang.Object)'> (0x00000007eb48f2e8) 
thrown [src/hotspot/share/interpreter/linkResolver.cpp, line 759]
Event: 70.698 Thread 0x00007f8e41081000 Exception <a 'java/lang/IncompatibleClassChangeError'{0x00000007eb4925d0}: Found class java.lang.Object, but interface was expected> (0x00000007eb4925d0) 
thrown [src/hotspot/share/interpreter/linkResolver.cpp, line 826]
Event: 73.552 Thread 0x00007f8e400f2a00 Exception <a 'java/lang/NoSuchMethodError'{0x00000007eb6065e0}: 'java.lang.Object java.lang.invoke.DirectMethodHandle$Holder.invokeInterface(java.lang.Object, java.lang.Object, java.lang.Object)'> (0x00000007eb6065e0) 
thrown [src/hotspot/share/interpreter/linkResolver.cpp, line 759]
Event: 74.479 Thread 0x00007f8e400f2a00 Exception <a 'java/io/FileNotFoundException'{0x00000007eaee5600}> (0x00000007eaee5600) 
thrown [src/hotspot/share/prims/jni.cpp, line 516]
Event: 74.480 Thread 0x00007f8e400f2a00 Exception <a 'java/io/FileNotFoundException'{0x00000007eaee65c8}> (0x00000007eaee65c8) 
thrown [src/hotspot/share/prims/jni.cpp, line 516]
Event: 74.952 Thread 0x00007f8e410a8a00 Exception <a 'java/lang/NoSuchMethodError'{0x00000007eb51b7c0}: 'java.lang.Object java.lang.invoke.DirectMethodHandle$Holder.invokeSpecial(java.lang.Object, java.lang.Object, int, long)'> (0x00000007eb51b7c0) 
thrown [src/hotspot/share/interpreter/linkResolver.cpp, line 759]
Event: 75.094 Thread 0x00007f8e41963c00 Exception <a 'java/lang/IncompatibleClassChangeError'{0x00000007eaf98988}: Found class java.lang.Object, but interface was expected> (0x00000007eaf98988) 
thrown [src/hotspot/share/interpreter/linkResolver.cpp, line 826]
Event: 75.516 Thread 0x00007f8e41963c00 Exception <a 'java/lang/NoSuchMethodError'{0x00000007eaca1998}: 'int java.lang.invoke.DirectMethodHandle$Holder.invokeStatic(java.lang.Object, java.lang.Object, java.lang.Object, int)'> (0x00000007eaca1998) 
thrown [src/hotspot/share/interpreter/linkResolver.cpp, line 759]
Event: 75.530 Thread 0x00007f8e401eda00 Exception <a 'java/io/FileNotFoundException'{0x00000007ead86f40}> (0x00000007ead86f40) 
thrown [src/hotspot/share/prims/jni.cpp, line 516]
Event: 75.530 Thread 0x00007f8e401eda00 Exception <a 'java/io/FileNotFoundException'{0x00000007ead87c68}> (0x00000007ead87c68) 
thrown [src/hotspot/share/prims/jni.cpp, line 516]
Event: 76.202 Thread 0x00007f8e401eda00 Exception <a 'java/lang/LinkageError'{0x00000007eb49c338}: loader lombok.launch.ShadowClassLoader @268b3eed attempted duplicate class definition for lombok.launch.PatchFixesHider$FieldInitializer. (lombok.launch.PatchFixesHider$FieldInitializer is in unnamed module of loader lombok.launch.ShadowClassLoader @268b3eed, parent loader org.eclipse.osgi.internal.loader.EquinoxClassLoader @7a07301a)> (0x00000007eb49c338) 
thrown [src/hotspot/share/classfile/systemDictionary.cpp, line 1723]
Event: 76.258 Thread 0x00007f8e401eda00 Exception <a 'java/lang/NoSuchMethodError'{0x00000007eab0ca98}: 'java.lang.Object java.lang.invoke.DirectMethodHandle$Holder.invokeStatic(java.lang.Object, java.lang.Object, int, java.lang.Object)'> (0x00000007eab0ca98) 
thrown [src/hotspot/share/interpreter/linkResolver.cpp, line 759]
Event: 76.263 Thread 0x00007f8e401eda00 Exception <a 'java/lang/NoSuchMethodError'{0x00000007eab13f28}: 'java.lang.Object java.lang.invoke.DirectMethodHandle$Holder.newInvokeSpecial(java.lang.Object, java.lang.Object, int)'> (0x00000007eab13f28) 
thrown [src/hotspot/share/interpreter/linkResolver.cpp, line 759]

VM Operations (20 events):
Event: 77.096 Executing VM operation: ParallelGCFailedAllocation
Event: 77.631 Executing VM operation: ParallelGCFailedAllocation done
Event: 78.324 Executing VM operation: HandshakeAllThreads
Event: 78.408 Executing VM operation: HandshakeAllThreads done
Event: 78.410 Executing VM operation: HandshakeAllThreads
Event: 78.410 Executing VM operation: HandshakeAllThreads done
Event: 78.986 Executing VM operation: ParallelGCFailedAllocation
Event: 79.221 Executing VM operation: ParallelGCFailedAllocation done
Event: 79.221 Executing VM operation: ParallelGCSystemGC
Event: 79.245 Executing VM operation: ParallelGCSystemGC done
Event: 79.974 Executing VM operation: ParallelGCFailedAllocation
Event: 80.033 Executing VM operation: ParallelGCFailedAllocation done
Event: 80.628 Executing VM operation: ParallelGCFailedAllocation
Event: 80.671 Executing VM operation: ParallelGCFailedAllocation done
Event: 81.680 Executing VM operation: Cleanup
Event: 81.717 Executing VM operation: Cleanup done
Event: 81.914 Executing VM operation: ParallelGCFailedAllocation
Event: 81.955 Executing VM operation: ParallelGCFailedAllocation done
Event: 82.470 Executing VM operation: ParallelGCFailedAllocation
Event: 82.538 Executing VM operation: ParallelGCFailedAllocation done

Events (20 events):
Event: 65.998 Protecting memory [0x000070000d1c8000,0x000070000d1cc000] with protection modes 0
Event: 74.745 Thread 0x00007f8e41963c00 Thread added: 0x00007f8e41963c00
Event: 74.745 Protecting memory [0x000070000d2cb000,0x000070000d2cf000] with protection modes 0
Event: 74.758 Thread 0x00007f8e3fac3a00 Thread added: 0x00007f8e3fac3a00
Event: 74.758 Protecting memory [0x000070000d3ce000,0x000070000d3d2000] with protection modes 0
Event: 75.058 Thread 0x00007f8e431f5600 Thread added: 0x00007f8e431f5600
Event: 75.058 Protecting memory [0x000070000d4d1000,0x000070000d4d5000] with protection modes 0
Event: 75.072 Thread 0x00007f8e412de400 Thread added: 0x00007f8e412de400
Event: 75.072 Protecting memory [0x000070000d5d4000,0x000070000d5d8000] with protection modes 0
Event: 75.344 Thread 0x00007f8e4307ba00 Thread added: 0x00007f8e4307ba00
Event: 75.344 Protecting memory [0x000070000d6d7000,0x000070000d6db000] with protection modes 0
Event: 75.345 Thread 0x00007f8e42cafe00 Thread added: 0x00007f8e42cafe00
Event: 75.345 Protecting memory [0x000070000d7da000,0x000070000d7de000] with protection modes 0
Event: 75.346 Thread 0x00007f8e42967400 Thread added: 0x00007f8e42967400
Event: 75.346 Protecting memory [0x000070000d8dd000,0x000070000d8e1000] with protection modes 0
Event: 75.399 Thread 0x00007f8e4025d000 Thread added: 0x00007f8e4025d000
Event: 75.399 Protecting memory [0x000070000d9e0000,0x000070000d9e4000] with protection modes 0
Event: 75.753 Thread 0x00007f8e43013c00 flushing nmethod 0x0000000113105210
Event: 75.754 Thread 0x00007f8e43013c00 flushing nmethod 0x00000001131f1e10
Event: 75.754 Thread 0x00007f8e43013c00 flushing nmethod 0x000000011321c210


Dynamic libraries:
0x00000001096d5000 	/Users/linneascheet/.vscode/extensions/redhat.java-1.35.1-darwin-x64/jre/17.0.12-macosx-x86_64/lib/libjli.dylib
0x00007ff83847c000 	/System/Library/Frameworks/Cocoa.framework/Versions/A/Cocoa
0x00007ff81f86e000 	/System/Library/Frameworks/AppKit.framework/Versions/C/AppKit
0x00007ff822cf6000 	/System/Library/Frameworks/CoreData.framework/Versions/A/CoreData
0x00007ff81cf45000 	/System/Library/Frameworks/Foundation.framework/Versions/C/Foundation
0x00007ff829e94000 	/usr/lib/libSystem.B.dylib
0x00007ff820d09000 	/System/Library/PrivateFrameworks/UIFoundation.framework/Versions/A/UIFoundation
0x00007ffb2e73d000 	/System/Library/PrivateFrameworks/CollectionViewCore.framework/Versions/A/CollectionViewCore
0x00007ff83141e000 	/System/Library/PrivateFrameworks/RemoteViewServices.framework/Versions/A/RemoteViewServices
0x00007ff82785a000 	/System/Library/PrivateFrameworks/XCTTargetBootstrap.framework/Versions/A/XCTTargetBootstrap
0x00007ff82c963000 	/System/Library/PrivateFrameworks/InternationalSupport.framework/Versions/A/InternationalSupport
0x00007ff82c9ba000 	/System/Library/PrivateFrameworks/UserActivity.framework/Versions/A/UserActivity
0x00007ffc35e32000 	/System/Library/PrivateFrameworks/UIIntelligenceSupport.framework/Versions/A/UIIntelligenceSupport
0x00007ffc3a4ba000 	/System/Library/PrivateFrameworks/WritingTools.framework/Versions/A/WritingTools
0x00007ffc39610000 	/System/Library/PrivateFrameworks/WindowManagement.framework/Versions/A/WindowManagement
0x00007ff81cbd3000 	/System/Library/Frameworks/SystemConfiguration.framework/Versions/A/SystemConfiguration
0x00007ff82bca4000 	/usr/lib/libspindump.dylib
0x00007ff820edd000 	/System/Library/Frameworks/UniformTypeIdentifiers.framework/Versions/A/UniformTypeIdentifiers
0x00007ff8291c5000 	/usr/lib/libbsm.0.dylib
0x00007ff8254ba000 	/usr/lib/libapp_launch_measurement.dylib
0x00007ff824633000 	/System/Library/PrivateFrameworks/CoreAnalytics.framework/Versions/A/CoreAnalytics
0x00007ff8254bd000 	/System/Library/PrivateFrameworks/CoreAutoLayout.framework/Versions/A/CoreAutoLayout
0x00007ff826efc000 	/System/Library/Frameworks/Metal.framework/Versions/A/Metal
0x00007ff8280fe000 	/usr/lib/liblangid.dylib
0x00007ff82785f000 	/System/Library/PrivateFrameworks/CoreSVG.framework/Versions/A/CoreSVG
0x00007ff8218f1000 	/System/Library/PrivateFrameworks/SkyLight.framework/Versions/A/SkyLight
0x00007ff821dac000 	/System/Library/Frameworks/CoreGraphics.framework/Versions/A/CoreGraphics
0x00007ff831aed000 	/System/Library/Frameworks/Accelerate.framework/Versions/A/Accelerate
0x00007ff82badf000 	/System/Library/PrivateFrameworks/IconServices.framework/Versions/A/IconServices
0x00007ff826edc000 	/System/Library/Frameworks/IOSurface.framework/Versions/A/IOSurface
0x00007ff824660000 	/usr/lib/libDiagnosticMessagesClient.dylib
0x00007ff829da4000 	/usr/lib/libz.1.dylib
0x00007ff835b0a000 	/System/Library/Frameworks/ApplicationServices.framework/Versions/A/ApplicationServices
0x00007ff827847000 	/System/Library/PrivateFrameworks/DFRFoundation.framework/Versions/A/DFRFoundation
0x00007ff81f128000 	/usr/lib/libicucore.A.dylib
0x00007ff82da03000 	/System/Library/Frameworks/AudioToolbox.framework/Versions/A/AudioToolbox
0x00007ff82c973000 	/System/Library/PrivateFrameworks/DataDetectorsCore.framework/Versions/A/DataDetectorsCore
0x00007ff9292c3000 	/System/Library/PrivateFrameworks/TextInput.framework/Versions/A/TextInput
0x00007ff821846000 	/usr/lib/libMobileGestalt.dylib
0x00007ff82756b000 	/System/Library/Frameworks/Carbon.framework/Versions/A/Frameworks/HIToolbox.framework/Versions/A/HIToolbox
0x00007ff824de7000 	/System/Library/Frameworks/QuartzCore.framework/Versions/A/QuartzCore
0x00007ff81ed66000 	/System/Library/Frameworks/Security.framework/Versions/A/Security
0x00007ff831455000 	/System/Library/Frameworks/Carbon.framework/Versions/A/Frameworks/SpeechRecognition.framework/Versions/A/SpeechRecognition
0x00007ff8251d0000 	/System/Library/PrivateFrameworks/CoreUI.framework/Versions/A/CoreUI
0x00007ff81e627000 	/System/Library/Frameworks/CoreAudio.framework/Versions/A/CoreAudio
0x00007ff824745000 	/System/Library/Frameworks/DiskArbitration.framework/Versions/A/DiskArbitration
0x00007ff82c0ed000 	/System/Library/PrivateFrameworks/MultitouchSupport.framework/Versions/A/MultitouchSupport
0x00007ff821845000 	/usr/lib/libenergytrace.dylib
0x00007ff91e18c000 	/System/Library/PrivateFrameworks/RenderBox.framework/Versions/A/RenderBox
0x00007ff81f73d000 	/System/Library/Frameworks/IOKit.framework/Versions/A/IOKit
0x00007ff831846000 	/System/Library/Frameworks/CoreServices.framework/Versions/A/CoreServices
0x00007ff825451000 	/System/Library/PrivateFrameworks/PerformanceAnalysis.framework/Versions/A/PerformanceAnalysis
0x00007ffb1d795000 	/System/Library/Frameworks/OpenGL.framework/Versions/A/OpenGL
0x00007ff825505000 	/usr/lib/libxml2.2.dylib
0x00007ff8290ba000 	/System/Library/PrivateFrameworks/MobileKeyBag.framework/Versions/A/MobileKeyBag
0x00007ff81bac0000 	/usr/lib/libobjc.A.dylib
0x00007ff81bdc0000 	/usr/lib/libc++.1.dylib
0x00007ff8317c2000 	/System/Library/Frameworks/Accessibility.framework/Versions/A/Accessibility
0x00007ff82266e000 	/System/Library/Frameworks/ColorSync.framework/Versions/A/ColorSync
0x00007ff81bf00000 	/System/Library/Frameworks/CoreFoundation.framework/Versions/A/CoreFoundation
0x00007ff827c20000 	/System/Library/Frameworks/CoreImage.framework/Versions/A/CoreImage
0x00007ff81e406000 	/System/Library/Frameworks/CoreText.framework/Versions/A/CoreText
0x00007ffb216dc000 	/System/Library/Frameworks/CoreTransferable.framework/Versions/A/CoreTransferable
0x00007ffb21b85000 	/System/Library/Frameworks/DeveloperToolsSupport.framework/Versions/A/DeveloperToolsSupport
0x00007ff827897000 	/System/Library/Frameworks/ImageIO.framework/Versions/A/ImageIO
0x00007ffb26ee6000 	/System/Library/Frameworks/Symbols.framework/Versions/A/Symbols
0x00007ff829e99000 	/System/Library/PrivateFrameworks/SoftLinking.framework/Versions/A/SoftLinking
0x00007ff93ae7f000 	/usr/lib/swift/libswiftAccelerate.dylib
0x00007ff82d434000 	/usr/lib/swift/libswiftCore.dylib
0x00007ff925a47000 	/usr/lib/swift/libswiftCoreFoundation.dylib
0x00007ff925a97000 	/usr/lib/swift/libswiftCoreImage.dylib
0x00007ff9234b4000 	/usr/lib/swift/libswiftDarwin.dylib
0x00007ff833505000 	/usr/lib/swift/libswiftDispatch.dylib
0x00007ff925a98000 	/usr/lib/swift/libswiftIOKit.dylib
0x00007ff93204e000 	/usr/lib/swift/libswiftMetal.dylib
0x00007ffa20122000 	/usr/lib/swift/libswiftOSLog.dylib
0x00007ff835f8f000 	/usr/lib/swift/libswiftObjectiveC.dylib
0x00007ffd21a71000 	/usr/lib/swift/libswiftObservation.dylib
0x00007ff9369e2000 	/usr/lib/swift/libswiftQuartzCore.dylib
0x00007ff93ae70000 	/usr/lib/swift/libswiftUniformTypeIdentifiers.dylib
0x00007ff925a58000 	/usr/lib/swift/libswiftXPC.dylib
0x00007ffd21b80000 	/usr/lib/swift/libswift_Builtin_float.dylib
0x00007ffd21b83000 	/usr/lib/swift/libswift_Concurrency.dylib
0x00007ffd21cc9000 	/usr/lib/swift/libswift_StringProcessing.dylib
0x00007ffd21d64000 	/usr/lib/swift/libswift_errno.dylib
0x00007ffd21d66000 	/usr/lib/swift/libswift_math.dylib
0x00007ffd21d69000 	/usr/lib/swift/libswift_signal.dylib
0x00007ffd21d6a000 	/usr/lib/swift/libswift_stdio.dylib
0x00007ffd21d6b000 	/usr/lib/swift/libswift_time.dylib
0x00007ff835f93000 	/usr/lib/swift/libswiftos.dylib
0x00007ff92921c000 	/usr/lib/swift/libswiftsimd.dylib
0x00007ffd21d6c000 	/usr/lib/swift/libswiftsys_time.dylib
0x00007ffd21d6d000 	/usr/lib/swift/libswiftunistd.dylib
0x00007ff82a02e000 	/usr/lib/libcompression.dylib
0x00007ff82c89f000 	/System/Library/PrivateFrameworks/TextureIO.framework/Versions/A/TextureIO
0x00007ff82b76b000 	/usr/lib/libate.dylib
0x00007ff829e8e000 	/usr/lib/system/libcache.dylib
0x00007ff829e46000 	/usr/lib/system/libcommonCrypto.dylib
0x00007ff829e70000 	/usr/lib/system/libcompiler_rt.dylib
0x00007ff829e64000 	/usr/lib/system/libcopyfile.dylib
0x00007ff81bbf6000 	/usr/lib/system/libcorecrypto.dylib
0x00007ff81bcec000 	/usr/lib/system/libdispatch.dylib
0x00007ff81be9d000 	/usr/lib/system/libdyld.dylib
0x00007ff829e84000 	/usr/lib/system/libkeymgr.dylib
0x00007ff829e27000 	/usr/lib/system/libmacho.dylib
0x00007ff8291a0000 	/usr/lib/system/libquarantine.dylib
0x00007ff829e81000 	/usr/lib/system/libremovefile.dylib
0x00007ff8218ba000 	/usr/lib/system/libsystem_asl.dylib
0x00007ff81bb90000 	/usr/lib/system/libsystem_blocks.dylib
0x00007ff81bd37000 	/usr/lib/system/libsystem_c.dylib
0x00007ff829e78000 	/usr/lib/system/libsystem_collections.dylib
0x00007ff8280ed000 	/usr/lib/system/libsystem_configuration.dylib
0x00007ff826eaf000 	/usr/lib/system/libsystem_containermanager.dylib
0x00007ff829a17000 	/usr/lib/system/libsystem_coreservices.dylib
0x00007ff81f3c7000 	/usr/lib/system/libsystem_darwin.dylib
0x00007ffd21ed0000 	/usr/lib/system/libsystem_darwindirectory.dylib
0x00007ff829e85000 	/usr/lib/system/libsystem_dnssd.dylib
0x00007ffd21ed4000 	/usr/lib/system/libsystem_eligibility.dylib
0x00007ff81bd34000 	/usr/lib/system/libsystem_featureflags.dylib
0x00007ff81bed2000 	/usr/lib/system/libsystem_info.dylib
0x00007ff829db8000 	/usr/lib/system/libsystem_m.dylib
0x00007ff81bca8000 	/usr/lib/system/libsystem_malloc.dylib
0x00007ff82182b000 	/usr/lib/system/libsystem_networkextension.dylib
0x00007ff81f803000 	/usr/lib/system/libsystem_notify.dylib
0x00007ff8280f1000 	/usr/lib/system/libsystem_sandbox.dylib
0x00007ffd21edb000 	/usr/lib/system/libsystem_sanitizers.dylib
0x00007ff829e7d000 	/usr/lib/system/libsystem_secinit.dylib
0x00007ff81be55000 	/usr/lib/system/libsystem_kernel.dylib
0x00007ff81bec8000 	/usr/lib/system/libsystem_platform.dylib
0x00007ff81be91000 	/usr/lib/system/libsystem_pthread.dylib
0x00007ff8235c0000 	/usr/lib/system/libsystem_symptoms.dylib
0x00007ff81bbdb000 	/usr/lib/system/libsystem_trace.dylib
0x00007ff829e53000 	/usr/lib/system/libunwind.dylib
0x00007ff81bb94000 	/usr/lib/system/libxpc.dylib
0x00007ff81be3d000 	/usr/lib/libc++abi.dylib
0x00007ff829e5c000 	/usr/lib/liboah.dylib
0x00007ff81f6bc000 	/System/Library/PrivateFrameworks/CoreServicesInternal.framework/Versions/A/CoreServicesInternal
0x00007ff829e96000 	/usr/lib/libfakelink.dylib
0x00007ff8355ed000 	/System/Library/PrivateFrameworks/DiskImages.framework/Versions/A/DiskImages
0x00007ff922ffd000 	/System/Library/Frameworks/NetFS.framework/Versions/A/NetFS
0x00007ff82148a000 	/System/Library/Frameworks/CFNetwork.framework/Versions/A/CFNetwork
0x00007ff825484000 	/System/Library/Frameworks/CoreServices.framework/Versions/A/Frameworks/FSEvents.framework/Versions/A/FSEvents
0x00007ff81f3d2000 	/System/Library/Frameworks/CoreServices.framework/Versions/A/Frameworks/CarbonCore.framework/Versions/A/CarbonCore
0x00007ff8246be000 	/System/Library/Frameworks/CoreServices.framework/Versions/A/Frameworks/Metadata.framework/Versions/A/Metadata
0x00007ff829a1e000 	/System/Library/Frameworks/CoreServices.framework/Versions/A/Frameworks/OSServices.framework/Versions/A/OSServices
0x00007ff829f72000 	/System/Library/Frameworks/CoreServices.framework/Versions/A/Frameworks/SearchKit.framework/Versions/A/SearchKit
0x00007ff823540000 	/System/Library/Frameworks/CoreServices.framework/Versions/A/Frameworks/AE.framework/Versions/A/AE
0x00007ff81c3a0000 	/System/Library/Frameworks/CoreServices.framework/Versions/A/Frameworks/LaunchServices.framework/Versions/A/LaunchServices
0x00007ff82b4cc000 	/System/Library/Frameworks/CoreServices.framework/Versions/A/Frameworks/DictionaryServices.framework/Versions/A/DictionaryServices
0x00007ff825492000 	/System/Library/Frameworks/CoreServices.framework/Versions/A/Frameworks/SharedFileList.framework/Versions/A/SharedFileList
0x00007ff829ff7000 	/usr/lib/libapple_nghttp2.dylib
0x00007ff82319f000 	/usr/lib/libsqlite3.dylib
0x00007ff82e04d000 	/System/Library/Frameworks/GSS.framework/Versions/A/GSS
0x00007ff8234dc000 	/System/Library/PrivateFrameworks/RunningBoardServices.framework/Versions/A/RunningBoardServices
0x00007ff8235c8000 	/System/Library/Frameworks/Network.framework/Versions/A/Network
0x00007ff829e2d000 	/usr/lib/system/libkxld.dylib
0x00007ffd20da9000 	/usr/lib/libCoreEntitlements.dylib
0x00007ffc22b9c000 	/System/Library/PrivateFrameworks/MessageSecurity.framework/Versions/A/MessageSecurity
0x00007ff823186000 	/System/Library/PrivateFrameworks/ProtocolBuffer.framework/Versions/A/ProtocolBuffer
0x00007ff8299fd000 	/System/Library/PrivateFrameworks/AppleFSCompression.framework/Versions/A/AppleFSCompression
0x00007ff8291ad000 	/usr/lib/libcoretls.dylib
0x00007ff82b539000 	/usr/lib/libcoretls_cfhelpers.dylib
0x00007ff82a028000 	/usr/lib/libpam.2.dylib
0x00007ff82b5b3000 	/usr/lib/libxar.1.dylib
0x00007ff829ee9000 	/usr/lib/libarchive.2.dylib
0x00007ff82f71a000 	/System/Library/Frameworks/Combine.framework/Versions/A/Combine
0x00007ffb2e764000 	/System/Library/PrivateFrameworks/CollectionsInternal.framework/Versions/A/CollectionsInternal
0x00007ffc291bf000 	/System/Library/PrivateFrameworks/ReflectionInternal.framework/Versions/A/ReflectionInternal
0x00007ffc29c46000 	/System/Library/PrivateFrameworks/RuntimeInternal.framework/Versions/A/RuntimeInternal
0x00007ffd21b08000 	/usr/lib/swift/libswiftSystem.dylib
0x00007ff8280f9000 	/System/Library/PrivateFrameworks/AppleSystemInfo.framework/Versions/A/AppleSystemInfo
0x00007ff925943000 	/System/Library/PrivateFrameworks/LoggingSupport.framework/Versions/A/LoggingSupport
0x00007ff825676000 	/System/Library/PrivateFrameworks/UserManagement.framework/Versions/A/UserManagement
0x00007ff8213b5000 	/usr/lib/libboringssl.dylib
0x00007ff8235b0000 	/usr/lib/libdns_services.dylib
0x00007ff924bc5000 	/usr/lib/libquic.dylib
0x00007ff82d3bd000 	/usr/lib/libusrtcp.dylib
0x00007ffd21a41000 	/usr/lib/swift/libswiftDistributed.dylib
0x00007ff821489000 	/usr/lib/libnetwork.dylib
0x00007ff829fd5000 	/System/Library/PrivateFrameworks/AppleSauce.framework/Versions/A/AppleSauce
0x00007ff81ca64000 	/System/Library/PrivateFrameworks/Lexicon.framework/Versions/A/Lexicon
0x00007ffc1d4be000 	/System/Library/PrivateFrameworks/IO80211.framework/Versions/A/IO80211
0x00007ff833776000 	/System/Library/PrivateFrameworks/FrontBoardServices.framework/Versions/A/FrontBoardServices
0x00007ff8290de000 	/System/Library/Frameworks/SecurityFoundation.framework/Versions/A/SecurityFoundation
0x00007ff82820e000 	/System/Library/PrivateFrameworks/LinguisticData.framework/Versions/A/LinguisticData
0x00007ff828ec7000 	/System/Library/PrivateFrameworks/IOMobileFramebuffer.framework/Versions/A/IOMobileFramebuffer
0x00007ff8233f9000 	/System/Library/PrivateFrameworks/BaseBoard.framework/Versions/A/BaseBoard
0x00007ff833846000 	/System/Library/PrivateFrameworks/BoardServices.framework/Versions/A/BoardServices
0x00007ff8290d1000 	/System/Library/PrivateFrameworks/AssertionServices.framework/Versions/A/AssertionServices
0x00007ff835427000 	/System/Library/PrivateFrameworks/BackBoardServices.framework/Versions/A/BackBoardServices
0x00007ff8272ea000 	/System/Library/PrivateFrameworks/FontServices.framework/libFontParser.dylib
0x00007ff8218d1000 	/System/Library/PrivateFrameworks/TCC.framework/Versions/A/TCC
0x00007ff838cdb000 	/System/Library/PrivateFrameworks/IOSurfaceAccelerator.framework/Versions/A/IOSurfaceAccelerator
0x00007ff82c0eb000 	/System/Library/PrivateFrameworks/WatchdogClient.framework/Versions/A/WatchdogClient
0x00007ff81df2c000 	/System/Library/Frameworks/CoreDisplay.framework/Versions/A/CoreDisplay
0x00007ff82719b000 	/System/Library/Frameworks/CoreMedia.framework/Versions/A/CoreMedia
0x00007ff826ef3000 	/System/Library/PrivateFrameworks/IOAccelerator.framework/Versions/A/IOAccelerator
0x00007ff8255e5000 	/System/Library/Frameworks/CoreVideo.framework/Versions/A/CoreVideo
0x00007ff82a026000 	/System/Library/Frameworks/MetalPerformanceShaders.framework/Versions/A/MetalPerformanceShaders
0x00007ffc2881d000 	/System/Library/PrivateFrameworks/ProDisplayLibrary.framework/Versions/A/ProDisplayLibrary
0x00007ff82c131000 	/System/Library/Frameworks/VideoToolbox.framework/Versions/A/VideoToolbox
0x00007ff8280f8000 	/System/Library/PrivateFrameworks/AggregateDictionary.framework/Versions/A/AggregateDictionary
0x00007ff82b53b000 	/System/Library/PrivateFrameworks/APFS.framework/Versions/A/APFS
0x00007ffb2b67b000 	/System/Library/PrivateFrameworks/AppleKeyStore.framework/Versions/A/AppleKeyStore
0x00007ff82b5c1000 	/usr/lib/libutil.dylib
0x00007ff82b51a000 	/usr/lib/liblzma.5.dylib
0x00007ff82474d000 	/System/Library/Frameworks/Accelerate.framework/Versions/A/Frameworks/vImage.framework/Versions/A/vImage
0x00007ff83181d000 	/System/Library/Frameworks/Accelerate.framework/Versions/A/Frameworks/vecLib.framework/Versions/A/vecLib
0x00007ff82b5f6000 	/System/Library/Frameworks/Accelerate.framework/Versions/A/Frameworks/vecLib.framework/Versions/A/libvMisc.dylib
0x00007ff81c800000 	/System/Library/Frameworks/Accelerate.framework/Versions/A/Frameworks/vecLib.framework/Versions/A/libBLAS.dylib
0x00007ff82dc37000 	/System/Library/Frameworks/ApplicationServices.framework/Versions/A/Frameworks/ATS.framework/Versions/A/ATS
0x00007ff822823000 	/System/Library/Frameworks/ApplicationServices.framework/Versions/A/Frameworks/HIServices.framework/Versions/A/HIServices
0x00007ff82c82c000 	/System/Library/Frameworks/ApplicationServices.framework/Versions/A/Frameworks/PrintCore.framework/Versions/A/PrintCore
0x00007ff82e017000 	/System/Library/Frameworks/ApplicationServices.framework/Versions/A/Frameworks/QD.framework/Versions/A/QD
0x00007ff82e010000 	/System/Library/Frameworks/ApplicationServices.framework/Versions/A/Frameworks/ColorSyncLegacy.framework/Versions/A/ColorSyncLegacy
0x00007ff82dc0d000 	/System/Library/Frameworks/ApplicationServices.framework/Versions/A/Frameworks/SpeechSynthesis.framework/Versions/A/SpeechSynthesis
0x00007ffb34d67000 	/System/Library/PrivateFrameworks/FontServices.framework/Versions/A/FontServices
0x00007ff82bc48000 	/System/Library/PrivateFrameworks/OTSVG.framework/Versions/A/OTSVG
0x00007ff825184000 	/System/Library/Frameworks/ApplicationServices.framework/Versions/A/Frameworks/ATS.framework/Versions/A/Resources/libFontRegistry.dylib
0x00007ff82bc98000 	/System/Library/PrivateFrameworks/FontServices.framework/libhvf.dylib
0x00007ffc25386000 	/System/Library/PrivateFrameworks/ParsingInternal.framework/Versions/A/ParsingInternal
0x00007ffd21a8c000 	/usr/lib/swift/libswiftRegexBuilder.dylib
0x00007ffd21c21000 	/usr/lib/swift/libswift_RegexParser.dylib
0x00007ff82bfaf000 	/System/Library/PrivateFrameworks/AppleJPEG.framework/Versions/A/AppleJPEG
0x00007ff82ba71000 	/usr/lib/libexpat.1.dylib
0x00007ff82c6f5000 	/System/Library/Frameworks/ImageIO.framework/Versions/A/Resources/libPng.dylib
0x00007ff82c722000 	/System/Library/Frameworks/ImageIO.framework/Versions/A/Resources/libTIFF.dylib
0x00007ff82c817000 	/System/Library/Frameworks/ImageIO.framework/Versions/A/Resources/libGIF.dylib
0x00007ff82bffb000 	/System/Library/Frameworks/ImageIO.framework/Versions/A/Resources/libJP2.dylib
0x00007ff82c7b7000 	/System/Library/Frameworks/ImageIO.framework/Versions/A/Resources/libJPEG.dylib
0x00007ff82c7ae000 	/System/Library/Frameworks/ImageIO.framework/Versions/A/Resources/libRadiance.dylib
0x00007ffb39a54000 	/System/Library/PrivateFrameworks/GPUCompiler.framework/Versions/32023/Libraries/libllvm-flatbuffers.dylib
0x00007ffb34e2d000 	/System/Library/PrivateFrameworks/FramePacing.framework/Versions/A/FramePacing
0x00007ffb1d789000 	/System/Library/Frameworks/OpenGL.framework/Versions/A/Libraries/libCoreFSCache.dylib
0x00007ffb35a0c000 	/System/Library/PrivateFrameworks/GPUCompiler.framework/Versions/32023/Libraries/libGPUCompilerUtils.dylib
0x00007ffb34d68000 	/System/Library/PrivateFrameworks/FontServices.framework/libXTFontStaticRegistryData.dylib
0x00007ffa236d4000 	/System/Library/PrivateFrameworks/Symbolication.framework/Versions/A/Symbolication
0x00007ffc27c4d000 	/System/Library/PrivateFrameworks/PhotosensitivityProcessing.framework/Versions/A/PhotosensitivityProcessing
0x00007ffb1ed73000 	/System/Library/Frameworks/OpenCL.framework/Versions/A/OpenCL
0x00007ff82bc39000 	/System/Library/PrivateFrameworks/GraphVisualizer.framework/Versions/A/GraphVisualizer
0x00007ffb1d7e6000 	/System/Library/Frameworks/OpenGL.framework/Versions/A/Libraries/libGLU.dylib
0x00007ffb1d7a8000 	/System/Library/Frameworks/OpenGL.framework/Versions/A/Libraries/libGFXShared.dylib
0x00007ffb1d9a2000 	/System/Library/Frameworks/OpenGL.framework/Versions/A/Libraries/libGL.dylib
0x00007ffb1d7b1000 	/System/Library/Frameworks/OpenGL.framework/Versions/A/Libraries/libGLImage.dylib
0x00007ffb1d7a5000 	/System/Library/Frameworks/OpenGL.framework/Versions/A/Libraries/libCVMSPluginSupport.dylib
0x00007ffd20ed8000 	/usr/lib/libRosetta.dylib
0x00007ffb1d790000 	/System/Library/Frameworks/OpenGL.framework/Versions/A/Libraries/libCoreVMClient.dylib
0x00007ff828032000 	/System/Library/Frameworks/MetalPerformanceShaders.framework/Versions/A/Frameworks/MPSCore.framework/Versions/A/MPSCore
0x00007ff829957000 	/System/Library/Frameworks/MetalPerformanceShaders.framework/Versions/A/Frameworks/MPSImage.framework/Versions/A/MPSImage
0x00007ff829243000 	/System/Library/Frameworks/MetalPerformanceShaders.framework/Versions/A/Frameworks/MPSNeuralNetwork.framework/Versions/A/MPSNeuralNetwork
0x00007ff82979c000 	/System/Library/Frameworks/MetalPerformanceShaders.framework/Versions/A/Frameworks/MPSMatrix.framework/Versions/A/MPSMatrix
0x00007ff829553000 	/System/Library/Frameworks/MetalPerformanceShaders.framework/Versions/A/Frameworks/MPSRayIntersector.framework/Versions/A/MPSRayIntersector
0x00007ff8297db000 	/System/Library/Frameworks/MetalPerformanceShaders.framework/Versions/A/Frameworks/MPSNDArray.framework/Versions/A/MPSNDArray
0x00007ffb23511000 	/System/Library/Frameworks/MetalPerformanceShaders.framework/Versions/A/Frameworks/MPSFunctions.framework/Versions/A/MPSFunctions
0x00007ffb234f4000 	/System/Library/Frameworks/MetalPerformanceShaders.framework/Versions/A/Frameworks/MPSBenchmarkLoop.framework/Versions/A/MPSBenchmarkLoop
0x00007ff81c67a000 	/System/Library/PrivateFrameworks/MetalTools.framework/Versions/A/MetalTools
0x00007ff92a6f3000 	/System/Library/PrivateFrameworks/IOAccelMemoryInfo.framework/Versions/A/IOAccelMemoryInfo
0x00007ff936de4000 	/System/Library/PrivateFrameworks/kperf.framework/Versions/A/kperf
0x00007ff925a26000 	/System/Library/PrivateFrameworks/GPURawCounter.framework/Versions/A/GPURawCounter
0x00007ff833c9f000 	/System/Library/PrivateFrameworks/CoreSymbolication.framework/Versions/A/CoreSymbolication
0x00007ff9259c5000 	/System/Library/PrivateFrameworks/MallocStackLogging.framework/Versions/A/MallocStackLogging
0x00007ff82b80b000 	/System/Library/PrivateFrameworks/CrashReporterSupport.framework/Versions/A/CrashReporterSupport
0x00007ff833c60000 	/System/Library/PrivateFrameworks/DebugSymbols.framework/Versions/A/DebugSymbols
0x00007ff93607a000 	/System/Library/PrivateFrameworks/OSAnalytics.framework/Versions/A/OSAnalytics
0x00007ff82c7e8000 	/System/Library/Frameworks/ApplicationServices.framework/Versions/A/Frameworks/ATSUI.framework/Versions/A/ATSUI
0x00007ff82dfa2000 	/usr/lib/libcups.2.dylib
0x00007ff82e03e000 	/System/Library/Frameworks/Kerberos.framework/Versions/A/Kerberos
0x00007ff82dcb0000 	/usr/lib/libresolv.9.dylib
0x00007ff829ed0000 	/usr/lib/libiconv.2.dylib
0x00007ff82bcaa000 	/System/Library/PrivateFrameworks/Heimdal.framework/Versions/A/Heimdal
0x00007ff835eeb000 	/System/Library/Frameworks/Kerberos.framework/Versions/A/Libraries/libHeimdalProxy.dylib
0x00007ff82ba8c000 	/usr/lib/libheimdal-asn1.dylib
0x00007ff82545c000 	/System/Library/Frameworks/OpenDirectory.framework/Versions/A/OpenDirectory
0x00007ff82e09b000 	/System/Library/PrivateFrameworks/CommonAuth.framework/Versions/A/CommonAuth
0x00007ff825468000 	/System/Library/Frameworks/OpenDirectory.framework/Versions/A/Frameworks/CFOpenDirectory.framework/Versions/A/CFOpenDirectory
0x00007ff829e26000 	/usr/lib/libcharset.1.dylib
0x00007ffb20807000 	/System/Library/Frameworks/AVFAudio.framework/Versions/A/AVFAudio
0x00007ff91ffbe000 	/System/Library/PrivateFrameworks/AXCoreUtilities.framework/Versions/A/AXCoreUtilities
0x00007ffc1fdd9000 	/System/Library/PrivateFrameworks/IsolatedCoreAudioClient.framework/Versions/A/IsolatedCoreAudioClient
0x00007ff82dbf5000 	/usr/lib/libAudioStatistics.dylib
0x00007ff827177000 	/System/Library/PrivateFrameworks/caulk.framework/Versions/A/caulk
0x00007ff81e057000 	/System/Library/PrivateFrameworks/AudioToolboxCore.framework/Versions/A/AudioToolboxCore
0x00007ff83828c000 	/System/Library/Frameworks/CoreMIDI.framework/Versions/A/CoreMIDI
0x00007ff82db9c000 	/System/Library/PrivateFrameworks/AudioSession.framework/Versions/A/AudioSession
0x00007ff82f4cd000 	/System/Library/Frameworks/IOBluetooth.framework/Versions/A/IOBluetooth
0x00007ff82bb72000 	/System/Library/PrivateFrameworks/MediaExperience.framework/Versions/A/MediaExperience
0x00007ffc343a8000 	/System/Library/PrivateFrameworks/Tightbeam.framework/Versions/A/Tightbeam
0x00007ff93b4a3000 	/System/Library/PrivateFrameworks/AFKUser.framework/Versions/A/AFKUser
0x00007ff82bc8d000 	/System/Library/PrivateFrameworks/AppServerSupport.framework/Versions/A/AppServerSupport
0x00007ff82e022000 	/System/Library/PrivateFrameworks/perfdata.framework/Versions/A/perfdata
0x00007ff924caf000 	/System/Library/PrivateFrameworks/SystemPolicy.framework/Versions/A/SystemPolicy
0x00007ff82dec2000 	/usr/lib/libSMC.dylib
0x00007ff82c6c0000 	/usr/lib/libAudioToolboxUtility.dylib
0x00007ff82e02f000 	/usr/lib/libperfcheck.dylib
0x00007ffb2bc1d000 	/System/Library/PrivateFrameworks/AudioAnalytics.framework/Versions/A/AudioAnalytics
0x00007ffa2e0ac000 	/System/Library/PrivateFrameworks/FeatureFlags.framework/Versions/A/FeatureFlags
0x00007ffa274d3000 	/System/Library/Frameworks/OSLog.framework/Versions/A/OSLog
0x00007ff829a08000 	/usr/lib/libbz2.1.0.dylib
0x00007ff9259f4000 	/usr/lib/libmis.dylib
0x00007ff82d9c3000 	/System/Library/PrivateFrameworks/AudioSession.framework/libSessionUtility.dylib
0x00007ff82c81d000 	/System/Library/PrivateFrameworks/CMCaptureCore.framework/Versions/A/CMCaptureCore
0x00007ffb21ca4000 	/System/Library/Frameworks/ExtensionFoundation.framework/Versions/A/ExtensionFoundation
0x00007ff833daf000 	/System/Library/PrivateFrameworks/CoreTime.framework/Versions/A/CoreTime
0x00007ff82b963000 	/System/Library/PrivateFrameworks/PlugInKit.framework/Versions/A/PlugInKit
0x00007ff8326d7000 	/System/Library/PrivateFrameworks/PowerLog.framework/Versions/A/PowerLog
0x00007ff8325e9000 	/System/Library/Frameworks/CoreBluetooth.framework/Versions/A/CoreBluetooth
0x00007ff835eec000 	/System/Library/Frameworks/AudioUnit.framework/Versions/A/AudioUnit
0x00007ff828f51000 	/System/Library/PrivateFrameworks/CoreUtils.framework/Versions/A/CoreUtils
0x00007ffb32244000 	/System/Library/PrivateFrameworks/CoreUtilsExtras.framework/Versions/A/CoreUtilsExtras
0x00007ff831b39000 	/System/Library/Frameworks/MediaAccessibility.framework/Versions/A/MediaAccessibility
0x00007ff92d820000 	/System/Library/PrivateFrameworks/AttributeGraph.framework/Versions/A/AttributeGraph
0x00007ffd20be7000 	/usr/lib/libAXSafeCategoryBundle.dylib
0x00007ff92005f000 	/usr/lib/libAccessibility.dylib
0x00007ff828cc4000 	/System/Library/Frameworks/Accelerate.framework/Versions/A/Frameworks/vecLib.framework/Versions/A/libvDSP.dylib
0x00007ff82a112000 	/System/Library/Frameworks/Accelerate.framework/Versions/A/Frameworks/vecLib.framework/Versions/A/libLAPACK.dylib
0x00007ff82922d000 	/System/Library/Frameworks/Accelerate.framework/Versions/A/Frameworks/vecLib.framework/Versions/A/libLinearAlgebra.dylib
0x00007ff82a012000 	/System/Library/Frameworks/Accelerate.framework/Versions/A/Frameworks/vecLib.framework/Versions/A/libSparseBLAS.dylib
0x00007ff82a10c000 	/System/Library/Frameworks/Accelerate.framework/Versions/A/Frameworks/vecLib.framework/Versions/A/libQuadrature.dylib
0x00007ff828214000 	/System/Library/Frameworks/Accelerate.framework/Versions/A/Frameworks/vecLib.framework/Versions/A/libBNNS.dylib
0x00007ff81cb5c000 	/System/Library/Frameworks/Accelerate.framework/Versions/A/Frameworks/vecLib.framework/Versions/A/libSparse.dylib
0x00007ffc20f46000 	/System/Library/PrivateFrameworks/MIL.framework/Versions/A/MIL
0x00007ff82c7a7000 	/System/Library/PrivateFrameworks/GPUWrangler.framework/Versions/A/GPUWrangler
0x00007ff82c78b000 	/System/Library/PrivateFrameworks/IOPresentment.framework/Versions/A/IOPresentment
0x00007ff82c7b1000 	/System/Library/PrivateFrameworks/DSExternalDisplay.framework/Versions/A/DSExternalDisplay
0x00007ffa278ca000 	/System/Library/PrivateFrameworks/HIDDisplay.framework/Versions/A/HIDDisplay
0x00007ff91ede6000 	/System/Library/PrivateFrameworks/HID.framework/Versions/A/HID
0x00007ffc375d3000 	/System/Library/PrivateFrameworks/VideoToolboxParavirtualizationSupport.framework/Versions/A/VideoToolboxParavirtualizationSupport
0x00007ff82ba23000 	/System/Library/PrivateFrameworks/AppleVA.framework/Versions/A/AppleVA
0x00007ff8338ee000 	/System/Library/PrivateFrameworks/GraphicsServices.framework/Versions/A/GraphicsServices
0x00007ff82e1fc000 	/System/Library/PrivateFrameworks/CorePhoneNumbers.framework/Versions/A/CorePhoneNumbers
0x00007ff8327b7000 	/System/Library/PrivateFrameworks/MediaKit.framework/Versions/A/MediaKit
0x00007ff832711000 	/System/Library/Frameworks/DiscRecording.framework/Versions/A/DiscRecording
0x00007ff828100000 	/System/Library/PrivateFrameworks/CoreNLP.framework/Versions/A/CoreNLP
0x00007ff8291d5000 	/usr/lib/libmecab.dylib
0x00007ff81cc59000 	/usr/lib/libCRFSuite.dylib
0x00007ff82922a000 	/usr/lib/libgermantok.dylib
0x00007ff829fcd000 	/usr/lib/libThaiTokenizer.dylib
0x00007ff82e005000 	/System/Library/PrivateFrameworks/NetAuth.framework/Versions/A/NetAuth
0x00007ff825639000 	/System/Library/PrivateFrameworks/login.framework/Versions/A/Frameworks/loginsupport.framework/Versions/A/loginsupport
0x00007ff82ba95000 	/System/Library/PrivateFrameworks/IconFoundation.framework/Versions/A/IconFoundation
0x00007ff82b802000 	/usr/lib/libIOReport.dylib
0x00007ff8291a3000 	/usr/lib/libCheckFix.dylib
0x00007ff824662000 	/System/Library/PrivateFrameworks/MetadataUtilities.framework/Versions/A/MetadataUtilities
0x00007ffc1da62000 	/System/Library/PrivateFrameworks/InstalledContentLibrary.framework/Versions/A/InstalledContentLibrary
0x00007ff81f6fd000 	/System/Library/PrivateFrameworks/CoreServicesStore.framework/Versions/A/CoreServicesStore
0x00007ffb2b8b4000 	/System/Library/PrivateFrameworks/AppleMobileFileIntegrity.framework/Versions/A/AppleMobileFileIntegrity
0x00007ff936ed8000 	/System/Library/PrivateFrameworks/MobileSystemServices.framework/Versions/A/MobileSystemServices
0x00007ffa359bc000 	/System/Library/PrivateFrameworks/ConfigProfileHelper.framework/Versions/A/ConfigProfileHelper
0x00007ff82b5c5000 	/usr/lib/libxslt.1.dylib
0x00007ff829168000 	/System/Library/PrivateFrameworks/BackgroundTaskManagement.framework/Versions/A/BackgroundTaskManagement
0x00007ffd20f1d000 	/usr/lib/libTLE.dylib
0x00007ff83579b000 	/usr/lib/libcurl.4.dylib
0x00007ffd212b1000 	/usr/lib/libcrypto.46.dylib
0x00007ffd21821000 	/usr/lib/libssl.48.dylib
0x00007ff83547f000 	/System/Library/Frameworks/LDAP.framework/Versions/A/LDAP
0x00007ff8354ba000 	/System/Library/PrivateFrameworks/TrustEvaluationAgent.framework/Versions/A/TrustEvaluationAgent
0x00007ff82dcc9000 	/usr/lib/libsasl2.2.dylib
0x00007ff831445000 	/System/Library/PrivateFrameworks/SpeechRecognitionCore.framework/Versions/A/SpeechRecognitionCore
0x000000010e8e5000 	/Users/linneascheet/.vscode/extensions/redhat.java-1.35.1-darwin-x64/jre/17.0.12-macosx-x86_64/lib/server/libjvm.dylib
0x000000010970c000 	/Users/linneascheet/.vscode/extensions/redhat.java-1.35.1-darwin-x64/jre/17.0.12-macosx-x86_64/lib/libjimage.dylib
0x000000010972f000 	/Users/linneascheet/.vscode/extensions/redhat.java-1.35.1-darwin-x64/jre/17.0.12-macosx-x86_64/lib/libinstrument.dylib
0x0000000109771000 	/Users/linneascheet/.vscode/extensions/redhat.java-1.35.1-darwin-x64/jre/17.0.12-macosx-x86_64/lib/libjava.dylib
0x000000010df55000 	/Users/linneascheet/.vscode/extensions/redhat.java-1.35.1-darwin-x64/jre/17.0.12-macosx-x86_64/lib/libzip.dylib
0x000000010df2d000 	/Users/linneascheet/.vscode/extensions/redhat.java-1.35.1-darwin-x64/jre/17.0.12-macosx-x86_64/lib/libnio.dylib
0x000000010df7d000 	/Users/linneascheet/.vscode/extensions/redhat.java-1.35.1-darwin-x64/jre/17.0.12-macosx-x86_64/lib/libnet.dylib
0x000000010df9d000 	/Users/linneascheet/.vscode/extensions/redhat.java-1.35.1-darwin-x64/jre/17.0.12-macosx-x86_64/lib/libverify.dylib
0x000000010dfb5000 	/Users/linneascheet/Library/Application Support/Code/User/globalStorage/redhat.java/1.35.1/config_mac/org.eclipse.equinox.launcher/org.eclipse.equinox.launcher.cocoa.macosx.x86_64_1.2.1100.v20240722-2106/eclipse_11904.so
0x00007ff82533c000 	/System/Library/PrivateFrameworks/ViewBridge.framework/Versions/A/ViewBridge


VM Arguments:
jvm_args: --add-modules=ALL-SYSTEM --add-opens=java.base/java.util=ALL-UNNAMED --add-opens=java.base/java.lang=ALL-UNNAMED --add-opens=java.base/sun.nio.fs=ALL-UNNAMED -Declipse.application=org.eclipse.jdt.ls.core.id1 -Dosgi.bundles.defaultStartLevel=4 -Declipse.product=org.eclipse.jdt.ls.core.product -Djava.import.generatesMetadataFilesAtProjectRoot=false -DDetectVMInstallationsJob.disabled=true -Dfile.encoding=utf8 -XX:+UseParallelGC -XX:GCTimeRatio=4 -XX:AdaptiveSizePolicyWeight=90 -Dsun.zip.disableMemoryMapping=true -Xmx1G -Xms100m -Xlog:disable -javaagent:/Users/linneascheet/.vscode/extensions/redhat.java-1.35.1-darwin-x64/lombok/lombok-1.18.33.jar -XX:+HeapDumpOnOutOfMemoryError -XX:HeapDumpPath=/Users/linneascheet/Library/Application Support/Code/User/workspaceStorage/e9fddc1cf0e8377329310a56d0738baf/redhat.java -Daether.dependencyCollector.impl=bf 
java_command: /Users/linneascheet/.vscode/extensions/redhat.java-1.35.1-darwin-x64/server/plugins/org.eclipse.equinox.launcher_1.6.900.v20240613-2009.jar -configuration /Users/linneascheet/Library/Application Support/Code/User/globalStorage/redhat.java/1.35.1/config_mac -data /Users/linneascheet/Library/Application Support/Code/User/workspaceStorage/e9fddc1cf0e8377329310a56d0738baf/redhat.java/jdt_ws --pipe=/private/var/folders/67/248mvc8j207gpldrtkdrsj0r0000gn/T/lsp-3342d0e5a25e8c37456df9b026e28c27.sock
java_class_path (initial): /Users/linneascheet/.vscode/extensions/redhat.java-1.35.1-darwin-x64/server/plugins/org.eclipse.equinox.launcher_1.6.900.v20240613-2009.jar
Launcher Type: SUN_STANDARD

[Global flags]
    uintx AdaptiveSizePolicyWeight                 = 90                                        {product} {command line}
     intx CICompilerCount                          = 4                                         {product} {ergonomic}
    uintx GCTimeRatio                              = 4                                         {product} {command line}
     bool HeapDumpOnOutOfMemoryError               = true                                   {manageable} {command line}
    ccstr HeapDumpPath                             = /Users/linneascheet/Library/Application Support/Code/User/workspaceStorage/e9fddc1cf0e8377329310a56d0738baf/redhat.java         {manageable} {command line}
   size_t InitialHeapSize                          = 104857600                                 {product} {command line}
   size_t MaxHeapSize                              = 1073741824                                {product} {command line}
   size_t MaxNewSize                               = 357564416                                 {product} {ergonomic}
   size_t MinHeapDeltaBytes                        = 524288                                    {product} {ergonomic}
   size_t MinHeapSize                              = 104857600                                 {product} {command line}
   size_t NewSize                                  = 34603008                                  {product} {ergonomic}
    uintx NonNMethodCodeHeapSize                   = 5839372                                {pd product} {ergonomic}
    uintx NonProfiledCodeHeapSize                  = 122909434                              {pd product} {ergonomic}
   size_t OldSize                                  = 70254592                                  {product} {ergonomic}
    uintx ProfiledCodeHeapSize                     = 122909434                              {pd product} {ergonomic}
    uintx ReservedCodeCacheSize                    = 251658240                              {pd product} {ergonomic}
     bool SegmentedCodeCache                       = true                                      {product} {ergonomic}
   size_t SoftMaxHeapSize                          = 1073741824                             {manageable} {ergonomic}
     bool UseCompressedClassPointers               = true                           {product lp64_product} {ergonomic}
     bool UseCompressedOops                        = true                           {product lp64_product} {ergonomic}
     bool UseNUMA                                  = false                                     {product} {ergonomic}
     bool UseNUMAInterleaving                      = false                                     {product} {ergonomic}
     bool UseParallelGC                            = true                                      {product} {command line}

Logging:
Log output configuration:
 #0: stdout all=off uptime,level,tags
 #1: stderr all=off uptime,level,tags

Environment Variables:
PATH=/usr/bin:/bin:/usr/sbin:/sbin
SHELL=/bin/zsh
TMPDIR=/var/folders/67/248mvc8j207gpldrtkdrsj0r0000gn/T/

Active Locale:
LC_ALL=C
LC_COLLATE=C
LC_CTYPE=C
LC_MESSAGES=C
LC_MONETARY=C
LC_NUMERIC=C
LC_TIME=C

Signal Handlers:
   SIGSEGV: crash_handler in libjvm.dylib, mask=11100110000111110111111111111111, flags=SA_RESTART|SA_SIGINFO, unblocked
    SIGBUS: crash_handler in libjvm.dylib, mask=11100110000111110111111111111111, flags=SA_RESTART|SA_SIGINFO, unblocked
    SIGFPE: crash_handler in libjvm.dylib, mask=11100110000111110111111111111111, flags=SA_RESTART|SA_SIGINFO, unblocked
   SIGPIPE: javaSignalHandler in libjvm.dylib, mask=11100110000111110111111111111111, flags=SA_RESTART|SA_SIGINFO, blocked
   SIGXFSZ: javaSignalHandler in libjvm.dylib, mask=11100110000111110111111111111111, flags=SA_RESTART|SA_SIGINFO, blocked
    SIGILL: crash_handler in libjvm.dylib, mask=11100110000111110111111111111111, flags=SA_RESTART|SA_SIGINFO, unblocked
   SIGUSR2: SR_handler in libjvm.dylib, mask=00000000000000000000000000000000, flags=SA_RESTART|SA_SIGINFO, blocked
    SIGHUP: UserHandler in libjvm.dylib, mask=11100110000111110111111111111111, flags=SA_RESTART|SA_SIGINFO, blocked
    SIGINT: UserHandler in libjvm.dylib, mask=11100110000111110111111111111111, flags=SA_RESTART|SA_SIGINFO, blocked
   SIGTERM: UserHandler in libjvm.dylib, mask=11100110000111110111111111111111, flags=SA_RESTART|SA_SIGINFO, blocked
   SIGQUIT: UserHandler in libjvm.dylib, mask=11100110000111110111111111111111, flags=SA_RESTART|SA_SIGINFO, blocked
   SIGTRAP: crash_handler in libjvm.dylib, mask=11100110000111110111111111111111, flags=SA_RESTART|SA_SIGINFO, unblocked


Periodic native trim disabled


---------------  S Y S T E M  ---------------

OS:
uname: Darwin 24.0.0 Darwin Kernel Version 24.0.0: Tue Sep 24 23:36:30 PDT 2024; root:xnu-11215.1.12~1/RELEASE_X86_64 x86_64
OS uptime: 0 days 0:08 hours
rlimit (soft/hard): STACK 8192k/65532k , CORE 0k/infinity , NPROC 1392/2088 , NOFILE 10240/infinity , AS infinity/infinity , CPU infinity/infinity , DATA infinity/infinity , FSIZE infinity/infinity , MEMLOCK infinity/infinity , RSS infinity/infinity
load average: 622.67 579.26 259.51

CPU: total 8 (initial active 8) (4 cores per cpu, 2 threads per core) family 6 model 126 stepping 5 microcode 0xc6, cx8, cmov, fxsr, ht, mmx, 3dnowpref, sse, sse2, sse3, ssse3, sse4.1, sse4.2, popcnt, lzcnt, tsc, tscinvbit, avx, avx2, aes, erms, clmul, bmi1, bmi2, adx, sha, fma, vzeroupper, clflush, clflushopt
machdep.cpu.brand_string:Intel(R) Core(TM) i5-1030NG7 CPU @ 1.10GHz
hw.cpufrequency:1100000000
hw.cpufrequency_min:1100000000
hw.cpufrequency_max:1100000000
hw.cachelinesize:64
hw.l1icachesize:32768
hw.l1dcachesize:49152
hw.l2cachesize:524288
hw.l3cachesize:6291456

Memory: 4k page, physical 8388608k(94144k free), swap 0k(0k free)

vm_info: OpenJDK 64-Bit Server VM (17.0.12+7) for bsd-amd64 JRE (17.0.12+7), built on Jul 16 2024 00:00:00 by "admin" with clang Apple LLVM 15.0.0 (clang-1500.1.0.2.5)

END.
